

Microchip MPLAB XC8 Assembler V2.20 build 20200408173844 
                                                                                               Mon Jan 25 22:04:32 2021

Microchip MPLAB XC8 C Compiler v2.20 (Free license) build 20200408173844 Og1 
     1                           	processor	16F887
     2                           	pagewidth 120
     3                           	opt	flic
     4                           	psect	cinit,global,class=CODE,merge=1,delta=2
     5                           	psect	bssCOMMON,global,class=COMMON,space=1,delta=1,noexec
     6                           	psect	cstackCOMMON,global,class=COMMON,space=1,delta=1,noexec
     7                           	psect	maintext,global,class=CODE,split=1,delta=2
     8                           	psect	text1,local,class=CODE,merge=1,delta=2
     9                           	psect	text2,local,class=CODE,merge=1,delta=2
    10                           	psect	text3,local,class=CODE,merge=1,delta=2
    11                           	psect	text4,local,class=CODE,merge=1,delta=2
    12                           	psect	text5,local,class=CODE,merge=1,delta=2
    13                           	psect	text6,local,class=CODE,merge=1,delta=2
    14                           	psect	text7,local,class=CODE,merge=1,delta=2
    15                           	psect	config,global,abs,ovrld,class=CONFIG,space=4,delta=2,noexec
    16                           	dabs	1,0x7E,2
    17  0000                     
    18                           ; Version 2.20
    19                           ; Generated 09/04/2020 GMT
    20                           ; 
    21                           ; Copyright © 2020, Microchip Technology Inc. and its subsidiaries ("Microchip")
    22                           ; All rights reserved.
    23                           ; 
    24                           ; This software is developed by Microchip Technology Inc. and its subsidiaries ("Microch
      +                          ip").
    25                           ; 
    26                           ; Redistribution and use in source and binary forms, with or without modification, are
    27                           ; permitted provided that the following conditions are met:
    28                           ; 
    29                           ;     1. Redistributions of source code must retain the above copyright notice, this lis
      +                          t of
    30                           ;        conditions and the following disclaimer.
    31                           ; 
    32                           ;     2. Redistributions in binary form must reproduce the above copyright notice, this 
      +                          list
    33                           ;        of conditions and the following disclaimer in the documentation and/or other
    34                           ;        materials provided with the distribution.
    35                           ; 
    36                           ;     3. Microchip's name may not be used to endorse or promote products derived from th
      +                          is
    37                           ;        software without specific prior written permission.
    38                           ; 
    39                           ; THIS SOFTWARE IS PROVIDED BY MICROCHIP "AS IS" AND ANY EXPRESS OR IMPLIED WARRANTIES,
    40                           ; INCLUDING, BUT NOT LIMITED TO, THE IMPLIED WARRANTIES OF MERCHANTABILITY AND FITNESS F
      +                          OR
    41                           ; PURPOSE ARE DISCLAIMED.  IN NO EVENT SHALL MICROCHIP BE LIABLE FOR ANY DIRECT, INDIREC
      +                          T,
    42                           ; INCIDENTAL, SPECIAL, EXEMPLARY, OR CONSEQUENTIAL DAMAGES (INCLUDING BUT NOT LIMITED TO
    43                           ; PROCUREMENT OF SUBSTITUTE GOODS OR SERVICES; LOSS OF USE, DATA OR PROFITS; OR BUSINESS
    44                           ; INTERRUPTION) HOWSOEVER CAUSED AND ON ANY THEORY OF LIABILITY, WHETHER IN CONTRACT, ST
      +                          RICT
    45                           ; LIABILITY, OR TORT (INCLUDING NEGLIGENCE OR OTHERWISE) ARISING IN ANY WAY OUT OF THE U
      +                          SE OF
    46                           ; THIS SOFTWARE, EVEN IF ADVISED OF THE POSSIBILITY OF SUCH DAMAGE.
    47                           ; 
    48                           ; 
    49                           ; Code-generator required, PIC16F887 Definitions
    50                           ; 
    51                           ; SFR Addresses
    52  0000                     	;# 
    53  0001                     	;# 
    54  0002                     	;# 
    55  0003                     	;# 
    56  0004                     	;# 
    57  0005                     	;# 
    58  0006                     	;# 
    59  0007                     	;# 
    60  0008                     	;# 
    61  0009                     	;# 
    62  000A                     	;# 
    63  000B                     	;# 
    64  000C                     	;# 
    65  000D                     	;# 
    66  000E                     	;# 
    67  000E                     	;# 
    68  000F                     	;# 
    69  0010                     	;# 
    70  0011                     	;# 
    71  0012                     	;# 
    72  0013                     	;# 
    73  0014                     	;# 
    74  0015                     	;# 
    75  0015                     	;# 
    76  0016                     	;# 
    77  0017                     	;# 
    78  0018                     	;# 
    79  0019                     	;# 
    80  001A                     	;# 
    81  001B                     	;# 
    82  001B                     	;# 
    83  001C                     	;# 
    84  001D                     	;# 
    85  001E                     	;# 
    86  001F                     	;# 
    87  0081                     	;# 
    88  0085                     	;# 
    89  0086                     	;# 
    90  0087                     	;# 
    91  0088                     	;# 
    92  0089                     	;# 
    93  008C                     	;# 
    94  008D                     	;# 
    95  008E                     	;# 
    96  008F                     	;# 
    97  0090                     	;# 
    98  0091                     	;# 
    99  0092                     	;# 
   100  0093                     	;# 
   101  0093                     	;# 
   102  0093                     	;# 
   103  0094                     	;# 
   104  0095                     	;# 
   105  0096                     	;# 
   106  0097                     	;# 
   107  0098                     	;# 
   108  0099                     	;# 
   109  009A                     	;# 
   110  009B                     	;# 
   111  009C                     	;# 
   112  009D                     	;# 
   113  009E                     	;# 
   114  009F                     	;# 
   115  0105                     	;# 
   116  0107                     	;# 
   117  0108                     	;# 
   118  0109                     	;# 
   119  010C                     	;# 
   120  010C                     	;# 
   121  010D                     	;# 
   122  010E                     	;# 
   123  010F                     	;# 
   124  0185                     	;# 
   125  0187                     	;# 
   126  0188                     	;# 
   127  0189                     	;# 
   128  018C                     	;# 
   129  018D                     	;# 
   130  0000                     	;# 
   131  0001                     	;# 
   132  0002                     	;# 
   133  0003                     	;# 
   134  0004                     	;# 
   135  0005                     	;# 
   136  0006                     	;# 
   137  0007                     	;# 
   138  0008                     	;# 
   139  0009                     	;# 
   140  000A                     	;# 
   141  000B                     	;# 
   142  000C                     	;# 
   143  000D                     	;# 
   144  000E                     	;# 
   145  000E                     	;# 
   146  000F                     	;# 
   147  0010                     	;# 
   148  0011                     	;# 
   149  0012                     	;# 
   150  0013                     	;# 
   151  0014                     	;# 
   152  0015                     	;# 
   153  0015                     	;# 
   154  0016                     	;# 
   155  0017                     	;# 
   156  0018                     	;# 
   157  0019                     	;# 
   158  001A                     	;# 
   159  001B                     	;# 
   160  001B                     	;# 
   161  001C                     	;# 
   162  001D                     	;# 
   163  001E                     	;# 
   164  001F                     	;# 
   165  0081                     	;# 
   166  0085                     	;# 
   167  0086                     	;# 
   168  0087                     	;# 
   169  0088                     	;# 
   170  0089                     	;# 
   171  008C                     	;# 
   172  008D                     	;# 
   173  008E                     	;# 
   174  008F                     	;# 
   175  0090                     	;# 
   176  0091                     	;# 
   177  0092                     	;# 
   178  0093                     	;# 
   179  0093                     	;# 
   180  0093                     	;# 
   181  0094                     	;# 
   182  0095                     	;# 
   183  0096                     	;# 
   184  0097                     	;# 
   185  0098                     	;# 
   186  0099                     	;# 
   187  009A                     	;# 
   188  009B                     	;# 
   189  009C                     	;# 
   190  009D                     	;# 
   191  009E                     	;# 
   192  009F                     	;# 
   193  0105                     	;# 
   194  0107                     	;# 
   195  0108                     	;# 
   196  0109                     	;# 
   197  010C                     	;# 
   198  010C                     	;# 
   199  010D                     	;# 
   200  010E                     	;# 
   201  010F                     	;# 
   202  0185                     	;# 
   203  0187                     	;# 
   204  0188                     	;# 
   205  0189                     	;# 
   206  018C                     	;# 
   207  018D                     	;# 
   208  0006                     _PORTBbits	set	6
   209  0009                     _PORTE	set	9
   210  0006                     _PORTB	set	6
   211  0008                     _PORTD	set	8
   212  0007                     _PORTC	set	7
   213  0081                     _OPTION_REG	set	129
   214  0095                     _WPUB	set	149
   215  0089                     _TRISE	set	137
   216  0086                     _TRISBbits	set	134
   217  0088                     _TRISD	set	136
   218  0087                     _TRISC	set	135
   219  0189                     _ANSELH	set	393
   220  0188                     _ANSEL	set	392
   221                           
   222                           	psect	cinit
   223  07F7                     start_initialization:	
   224                           ; #config settings
   225                           
   226  07F7                     __initialization:
   227                           
   228                           ; Clear objects allocated to COMMON
   229  07F7  01F0               	clrf	__pbssCOMMON& (0+127)
   230  07F8  01F1               	clrf	(__pbssCOMMON+1)& (0+127)
   231  07F9  01F2               	clrf	(__pbssCOMMON+2)& (0+127)
   232  07FA  01F3               	clrf	(__pbssCOMMON+3)& (0+127)
   233  07FB  01F4               	clrf	(__pbssCOMMON+4)& (0+127)
   234  07FC                     end_of_initialization:	
   235                           ;End of C runtime variable initialization code
   236                           
   237  07FC                     __end_of__initialization:
   238  07FC  0183               	clrf	3
   239  07FD  120A  118A  2F38   	ljmp	_main	;jump to C main() function
   240                           
   241                           	psect	bssCOMMON
   242  0070                     __pbssCOMMON:
   243  0070                     _jugadores2:
   244  0070                     	ds	1
   245  0071                     _jugadores1:
   246  0071                     	ds	1
   247  0072                     _conteo2:
   248  0072                     	ds	1
   249  0073                     _conteo1:
   250  0073                     	ds	1
   251  0074                     _check:
   252  0074                     	ds	1
   253                           
   254                           	psect	cstackCOMMON
   255  0075                     __pcstackCOMMON:
   256  0075                     ?_setup:
   257  0075                     ??_setup:	
   258                           ; 1 bytes @ 0x0
   259                           
   260  0075                     ?_habilitar_semaforo:	
   261                           ; 1 bytes @ 0x0
   262                           
   263  0075                     ?_jugador1:	
   264                           ; 1 bytes @ 0x0
   265                           
   266  0075                     ?_jugador2:	
   267                           ; 1 bytes @ 0x0
   268                           
   269  0075                     ?_juego1:	
   270                           ; 1 bytes @ 0x0
   271                           
   272  0075                     ??_juego1:	
   273                           ; 1 bytes @ 0x0
   274                           
   275  0075                     ?_juego2:	
   276                           ; 1 bytes @ 0x0
   277                           
   278  0075                     ??_juego2:	
   279                           ; 1 bytes @ 0x0
   280                           
   281  0075                     ?_main:	
   282                           ; 1 bytes @ 0x0
   283                           
   284  0075                     ?_luces:	
   285                           ; 1 bytes @ 0x0
   286                           
   287  0075                     ??_luces:	
   288                           ; 1 bytes @ 0x0
   289                           
   290                           
   291                           ; 1 bytes @ 0x0
   292  0075                     	ds	2
   293  0077                     ??_habilitar_semaforo:
   294  0077                     juego1@selector1:	
   295                           ; 1 bytes @ 0x2
   296                           
   297  0077                     juego2@selector2:	
   298                           ; 1 bytes @ 0x2
   299                           
   300                           
   301                           ; 1 bytes @ 0x2
   302  0077                     	ds	1
   303  0078                     ??_jugador1:
   304  0078                     ??_jugador2:	
   305                           ; 1 bytes @ 0x3
   306                           
   307  0078                     ??_main:	
   308                           ; 1 bytes @ 0x3
   309                           
   310                           
   311                           	psect	maintext
   312  0738                     __pmaintext:	
   313                           ; 1 bytes @ 0x3
   314 ;;
   315 ;;Main: autosize = 0, tempsize = 0, incstack = 0, save=0
   316 ;;
   317 ;; *************** function _main *****************
   318 ;; Defined at:
   319 ;;		line 52 in file "main.c"
   320 ;; Parameters:    Size  Location     Type
   321 ;;		None
   322 ;; Auto vars:     Size  Location     Type
   323 ;;		None
   324 ;; Return value:  Size  Location     Type
   325 ;;                  1    wreg      void 
   326 ;; Registers used:
   327 ;;		wreg, fsr0l, fsr0h, status,2, status,0, btemp+1, pclath, cstack
   328 ;; Tracked objects:
   329 ;;		On entry : B00/0
   330 ;;		On exit  : 0/0
   331 ;;		Unchanged: 0/0
   332 ;; Data sizes:     COMMON   BANK0   BANK1   BANK3   BANK2
   333 ;;      Params:         0       0       0       0       0
   334 ;;      Locals:         0       0       0       0       0
   335 ;;      Temps:          0       0       0       0       0
   336 ;;      Totals:         0       0       0       0       0
   337 ;;Total ram usage:        0 bytes
   338 ;; Hardware stack levels required when called:    2
   339 ;; This function calls:
   340 ;;		_habilitar_semaforo
   341 ;;		_jugador1
   342 ;;		_jugador2
   343 ;;		_setup
   344 ;; This function is called by:
   345 ;;		Startup code after reset
   346 ;; This function uses a non-reentrant model
   347 ;;
   348                           
   349                           
   350                           ;psect for function _main
   351  0738                     _main:
   352  0738                     l793:	
   353                           ;incstack = 0
   354                           ; Regs used in _main: [wreg-fsr0h+status,2+status,0+btemp+1+pclath+cstack]
   355                           
   356                           
   357                           ;main.c: 53:     TRISBbits.TRISB4 = 0;
   358  0738  120A  118A  2755  120A  118A  	fcall	_setup
   359  073D                     l55:	
   360                           ;main.c: 57:     OPTION_REG = 0b01010111;
   361                           
   362                           
   363                           ;main.c: 58: }
   364  073D  120A  118A  26E8  120A  118A  	fcall	_habilitar_semaforo
   365  0742                     l795:
   366                           
   367                           ;main.c: 59: 
   368  0742  0374               	decf	_check,w
   369  0743  1D03               	btfss	3,2
   370  0744  2F46               	goto	u81
   371  0745  2F47               	goto	u80
   372  0746                     u81:
   373  0746  2F3D               	goto	l55
   374  0747                     u80:
   375  0747                     l797:
   376                           
   377                           ;main.c: 60: 
   378  0747  120A  118A  26FE  120A  118A  	fcall	_jugador1
   379                           
   380                           ;main.c: 61: 
   381  074C  120A  118A  271B  120A  118A  	fcall	_jugador2
   382  0751  2F3D               	goto	l55
   383  0752  120A  118A  2800   	ljmp	start
   384  0755                     __end_of_main:
   385                           
   386                           	psect	text1
   387  0755                     __ptext1:	
   388 ;; *************** function _setup *****************
   389 ;; Defined at:
   390 ;;		line 71 in file "main.c"
   391 ;; Parameters:    Size  Location     Type
   392 ;;		None
   393 ;; Auto vars:     Size  Location     Type
   394 ;;		None
   395 ;; Return value:  Size  Location     Type
   396 ;;                  1    wreg      void 
   397 ;; Registers used:
   398 ;;		wreg, status,2
   399 ;; Tracked objects:
   400 ;;		On entry : 0/0
   401 ;;		On exit  : 0/0
   402 ;;		Unchanged: 0/0
   403 ;; Data sizes:     COMMON   BANK0   BANK1   BANK3   BANK2
   404 ;;      Params:         0       0       0       0       0
   405 ;;      Locals:         0       0       0       0       0
   406 ;;      Temps:          0       0       0       0       0
   407 ;;      Totals:         0       0       0       0       0
   408 ;;Total ram usage:        0 bytes
   409 ;; Hardware stack levels used:    1
   410 ;; This function calls:
   411 ;;		Nothing
   412 ;; This function is called by:
   413 ;;		_main
   414 ;; This function uses a non-reentrant model
   415 ;;
   416                           
   417                           
   418                           ;psect for function _setup
   419  0755                     _setup:
   420  0755                     l735:	
   421                           ;incstack = 0
   422                           ; Regs used in _setup: [wreg+status,2]
   423                           
   424                           
   425                           ;main.c: 72: void habilitar_semaforo (void){
   426  0755  1683               	bsf	3,5	;RP0=1, select bank3
   427  0756  1703               	bsf	3,6	;RP1=1, select bank3
   428  0757  0188               	clrf	8	;volatile
   429                           
   430                           ;main.c: 73:     if (PORTBbits.RB0 == 0){
   431  0758  0189               	clrf	9	;volatile
   432                           
   433                           ;main.c: 74:             luces();
   434  0759  1283               	bcf	3,5	;RP0=0, select bank0
   435  075A  1303               	bcf	3,6	;RP1=0, select bank0
   436  075B  0187               	clrf	7	;volatile
   437                           
   438                           ;main.c: 75:             check = 1;
   439  075C  1683               	bsf	3,5	;RP0=1, select bank1
   440  075D  1303               	bcf	3,6	;RP1=0, select bank1
   441  075E  0187               	clrf	7	;volatile
   442                           
   443                           ;main.c: 76:             PORTD = 0;
   444  075F  1283               	bcf	3,5	;RP0=0, select bank0
   445  0760  1303               	bcf	3,6	;RP1=0, select bank0
   446  0761  0188               	clrf	8	;volatile
   447                           
   448                           ;main.c: 77:             PORTC = 0;
   449  0762  1683               	bsf	3,5	;RP0=1, select bank1
   450  0763  1303               	bcf	3,6	;RP1=0, select bank1
   451  0764  0188               	clrf	8	;volatile
   452                           
   453                           ;main.c: 78:             conteo1 = 0;
   454  0765  1283               	bcf	3,5	;RP0=0, select bank0
   455  0766  1303               	bcf	3,6	;RP1=0, select bank0
   456  0767  0186               	clrf	6	;volatile
   457  0768                     l737:
   458                           
   459                           ;main.c: 79:             conteo2 = 0;
   460  0768  1683               	bsf	3,5	;RP0=1, select bank1
   461  0769  1303               	bcf	3,6	;RP1=0, select bank1
   462  076A  1406               	bsf	6,0	;volatile
   463  076B                     l739:
   464                           
   465                           ;main.c: 80:             PORTBbits.RB3 = 0;
   466  076B  1486               	bsf	6,1	;volatile
   467  076C                     l741:
   468                           
   469                           ;main.c: 81:             PORTBbits.RB4 = 0;
   470  076C  1506               	bsf	6,2	;volatile
   471  076D                     l743:
   472                           
   473                           ;main.c: 82:         }
   474  076D  1186               	bcf	6,3	;volatile
   475  076E                     l745:
   476                           
   477                           ;main.c: 83: }
   478  076E  1206               	bcf	6,4	;volatile
   479                           
   480                           ;main.c: 84: void jugador1 (void){
   481  076F  0189               	clrf	9	;volatile
   482                           
   483                           ;main.c: 85:     if (PORTBbits.RB1 == 0){
   484  0770  1283               	bcf	3,5	;RP0=0, select bank0
   485  0771  1303               	bcf	3,6	;RP1=0, select bank0
   486  0772  0189               	clrf	9	;volatile
   487  0773                     l747:
   488                           
   489                           ;main.c: 86:         conteo1 = 1;
   490  0773  3007               	movlw	7
   491  0774  1683               	bsf	3,5	;RP0=1, select bank1
   492  0775  1303               	bcf	3,6	;RP1=0, select bank1
   493  0776  0095               	movwf	21	;volatile
   494  0777                     l749:
   495                           
   496                           ;main.c: 87:     }
   497  0777  3057               	movlw	87
   498  0778  0081               	movwf	1	;volatile
   499  0779                     l62:
   500  0779  0008               	return
   501  077A                     __end_of_setup:
   502                           
   503                           	psect	text2
   504  071B                     __ptext2:	
   505 ;; *************** function _jugador2 *****************
   506 ;; Defined at:
   507 ;;		line 125 in file "main.c"
   508 ;; Parameters:    Size  Location     Type
   509 ;;		None
   510 ;; Auto vars:     Size  Location     Type
   511 ;;		None
   512 ;; Return value:  Size  Location     Type
   513 ;;                  1    wreg      void 
   514 ;; Registers used:
   515 ;;		wreg, fsr0l, fsr0h, status,2, status,0, btemp+1, pclath, cstack
   516 ;; Tracked objects:
   517 ;;		On entry : 0/0
   518 ;;		On exit  : 0/0
   519 ;;		Unchanged: 0/0
   520 ;; Data sizes:     COMMON   BANK0   BANK1   BANK3   BANK2
   521 ;;      Params:         0       0       0       0       0
   522 ;;      Locals:         0       0       0       0       0
   523 ;;      Temps:          0       0       0       0       0
   524 ;;      Totals:         0       0       0       0       0
   525 ;;Total ram usage:        0 bytes
   526 ;; Hardware stack levels used:    1
   527 ;; Hardware stack levels required when called:    1
   528 ;; This function calls:
   529 ;;		_juego2
   530 ;; This function is called by:
   531 ;;		_main
   532 ;; This function uses a non-reentrant model
   533 ;;
   534                           
   535                           
   536                           ;psect for function _jugador2
   537  071B                     _jugador2:
   538  071B                     l781:	
   539                           ;incstack = 0
   540                           ; Regs used in _jugador2: [wreg-fsr0h+status,2+status,0+btemp+1+pclath+cstack]
   541                           
   542                           
   543                           ;main.c: 126:             break;
   544  071B  1283               	bcf	3,5	;RP0=0, select bank0
   545  071C  1303               	bcf	3,6	;RP1=0, select bank0
   546  071D  1906               	btfsc	6,2	;volatile
   547  071E  2F20               	goto	u51
   548  071F  2F21               	goto	u50
   549  0720                     u51:
   550  0720  2F23               	goto	l77
   551  0721                     u50:
   552  0721                     l783:
   553                           
   554                           ;main.c: 127:         case 8:
   555  0721  01F2               	clrf	_conteo2
   556  0722  0AF2               	incf	_conteo2,f
   557  0723                     l77:	
   558                           ;main.c: 128:             PORTD = 128;
   559                           
   560                           
   561                           ;main.c: 129:             PORTBbits.RB4 = 1;
   562  0723  1D06               	btfss	6,2	;volatile
   563  0724  2F26               	goto	u61
   564  0725  2F27               	goto	u60
   565  0726                     u61:
   566  0726  2F37               	goto	l79
   567  0727                     u60:
   568  0727                     l785:
   569  0727  0372               	decf	_conteo2,w
   570  0728  1D03               	btfss	3,2
   571  0729  2F2B               	goto	u71
   572  072A  2F2C               	goto	u70
   573  072B                     u71:
   574  072B  2F37               	goto	l79
   575  072C                     u70:
   576  072C                     l787:
   577                           
   578                           ;main.c: 130:             check = 0;
   579  072C  01F2               	clrf	_conteo2
   580  072D                     l789:
   581                           
   582                           ;main.c: 131:             jugadores2 = 0;
   583  072D  0870               	movf	_jugadores2,w
   584  072E  120A  118A  27A3  120A  118A  	fcall	_juego2
   585  0733                     l791:
   586                           
   587                           ;main.c: 132:             break;
   588  0733  3001               	movlw	1
   589  0734  00FF               	movwf	btemp+1
   590  0735  087F               	movf	btemp+1,w
   591  0736  07F0               	addwf	_jugadores2,f
   592  0737                     l79:
   593  0737  0008               	return
   594  0738                     __end_of_jugador2:
   595                           
   596                           	psect	text3
   597  07A3                     __ptext3:	
   598 ;; *************** function _juego2 *****************
   599 ;; Defined at:
   600 ;;		line 152 in file "main.c"
   601 ;; Parameters:    Size  Location     Type
   602 ;;  selector2       1    wreg     unsigned char 
   603 ;; Auto vars:     Size  Location     Type
   604 ;;  selector2       1    2[COMMON] unsigned char 
   605 ;; Return value:  Size  Location     Type
   606 ;;                  1    wreg      void 
   607 ;; Registers used:
   608 ;;		wreg, fsr0l, fsr0h, status,2, status,0, btemp+1
   609 ;; Tracked objects:
   610 ;;		On entry : 0/0
   611 ;;		On exit  : 0/0
   612 ;;		Unchanged: 0/0
   613 ;; Data sizes:     COMMON   BANK0   BANK1   BANK3   BANK2
   614 ;;      Params:         0       0       0       0       0
   615 ;;      Locals:         1       0       0       0       0
   616 ;;      Temps:          2       0       0       0       0
   617 ;;      Totals:         3       0       0       0       0
   618 ;;Total ram usage:        3 bytes
   619 ;; Hardware stack levels used:    1
   620 ;; This function calls:
   621 ;;		Nothing
   622 ;; This function is called by:
   623 ;;		_jugador2
   624 ;; This function uses a non-reentrant model
   625 ;;
   626                           
   627                           
   628                           ;psect for function _juego2
   629  07A3                     _juego2:
   630                           
   631                           ;incstack = 0
   632                           ; Regs used in _juego2: [wreg-fsr0h+status,2+status,0+btemp+1]
   633                           ;juego2@selector2 stored from wreg
   634  07A3  00F7               	movwf	juego2@selector2
   635  07A4                     l713:
   636  07A4  2FBB               	goto	l729
   637  07A5                     l715:
   638  07A5  3001               	movlw	1
   639  07A6  00FF               	movwf	btemp+1
   640  07A7  087F               	movf	btemp+1,w
   641  07A8  1283               	bcf	3,5	;RP0=0, select bank0
   642  07A9  1303               	bcf	3,6	;RP1=0, select bank0
   643  07AA  0788               	addwf	8,f	;volatile
   644  07AB  2FCB               	goto	l95
   645  07AC                     l717:
   646  07AC  3080               	movlw	128
   647  07AD  1283               	bcf	3,5	;RP0=0, select bank0
   648  07AE  1303               	bcf	3,6	;RP1=0, select bank0
   649  07AF  0088               	movwf	8	;volatile
   650  07B0                     l719:
   651  07B0  1606               	bsf	6,4	;volatile
   652  07B1                     l721:
   653  07B1  01F4               	clrf	_check
   654  07B2                     l723:
   655  07B2  01F0               	clrf	_jugadores2
   656  07B3  2FCB               	goto	l95
   657  07B4                     l725:
   658  07B4  1283               	bcf	3,5	;RP0=0, select bank0
   659  07B5  1303               	bcf	3,6	;RP1=0, select bank0
   660  07B6  0808               	movf	8,w	;volatile
   661  07B7  00F5               	movwf	??_juego2
   662  07B8  0775               	addwf	??_juego2,w
   663  07B9  0088               	movwf	8	;volatile
   664  07BA  2FCB               	goto	l95
   665  07BB                     l729:
   666  07BB  0877               	movf	juego2@selector2,w
   667  07BC  00F5               	movwf	??_juego2
   668  07BD  01F6               	clrf	??_juego2+1
   669                           
   670                           ; Switch on 2 bytes has been partitioned into a top level switch of size 1, and 1 sub-sw
      +                          itches
   671                           ; Switch size 1, requested type "simple"
   672                           ; Number of cases is 1, Range of values is 0 to 0
   673                           ; switch strategies available:
   674                           ; Name         Instructions Cycles
   675                           ; simple_byte            4     3 (average)
   676                           ; direct_byte           11     8 (fixed)
   677                           ; jumptable            260     6 (fixed)
   678                           ;	Chosen strategy is simple_byte
   679  07BE  0876               	movf	??_juego2+1,w
   680  07BF  3A00               	xorlw	0	; case 0
   681  07C0  1903               	skipnz
   682  07C1  2FC3               	goto	l839
   683  07C2  2FB4               	goto	l725
   684  07C3                     l839:
   685                           
   686                           ; Switch size 1, requested type "simple"
   687                           ; Number of cases is 2, Range of values is 1 to 8
   688                           ; switch strategies available:
   689                           ; Name         Instructions Cycles
   690                           ; simple_byte            7     4 (average)
   691                           ; direct_byte           35    11 (fixed)
   692                           ; jumptable            263     9 (fixed)
   693                           ;	Chosen strategy is simple_byte
   694  07C3  0875               	movf	??_juego2,w
   695  07C4  3A01               	xorlw	1	; case 1
   696  07C5  1903               	skipnz
   697  07C6  2FA5               	goto	l715
   698  07C7  3A09               	xorlw	9	; case 8
   699  07C8  1903               	skipnz
   700  07C9  2FAC               	goto	l717
   701  07CA  2FB4               	goto	l725
   702  07CB                     l95:
   703  07CB  0008               	return
   704  07CC                     __end_of_juego2:
   705                           
   706                           	psect	text4
   707  06FE                     __ptext4:	
   708 ;; *************** function _jugador1 *****************
   709 ;; Defined at:
   710 ;;		line 114 in file "main.c"
   711 ;; Parameters:    Size  Location     Type
   712 ;;		None
   713 ;; Auto vars:     Size  Location     Type
   714 ;;		None
   715 ;; Return value:  Size  Location     Type
   716 ;;                  1    wreg      void 
   717 ;; Registers used:
   718 ;;		wreg, fsr0l, fsr0h, status,2, status,0, btemp+1, pclath, cstack
   719 ;; Tracked objects:
   720 ;;		On entry : 0/0
   721 ;;		On exit  : 0/0
   722 ;;		Unchanged: 0/0
   723 ;; Data sizes:     COMMON   BANK0   BANK1   BANK3   BANK2
   724 ;;      Params:         0       0       0       0       0
   725 ;;      Locals:         0       0       0       0       0
   726 ;;      Temps:          0       0       0       0       0
   727 ;;      Totals:         0       0       0       0       0
   728 ;;Total ram usage:        0 bytes
   729 ;; Hardware stack levels used:    1
   730 ;; Hardware stack levels required when called:    1
   731 ;; This function calls:
   732 ;;		_juego1
   733 ;; This function is called by:
   734 ;;		_main
   735 ;; This function uses a non-reentrant model
   736 ;;
   737                           
   738                           
   739                           ;psect for function _jugador1
   740  06FE                     _jugador1:
   741  06FE                     l769:	
   742                           ;incstack = 0
   743                           ; Regs used in _jugador1: [wreg-fsr0h+status,2+status,0+btemp+1+pclath+cstack]
   744                           
   745                           
   746                           ;main.c: 115:             break;
   747  06FE  1283               	bcf	3,5	;RP0=0, select bank0
   748  06FF  1303               	bcf	3,6	;RP1=0, select bank0
   749  0700  1886               	btfsc	6,1	;volatile
   750  0701  2F03               	goto	u21
   751  0702  2F04               	goto	u20
   752  0703                     u21:
   753  0703  2F06               	goto	l72
   754  0704                     u20:
   755  0704                     l771:
   756                           
   757                           ;main.c: 116:         default:
   758  0704  01F3               	clrf	_conteo1
   759  0705  0AF3               	incf	_conteo1,f
   760  0706                     l72:	
   761                           ;main.c: 117:             PORTC = PORTC << 1;
   762                           
   763                           
   764                           ;main.c: 118:             break;
   765  0706  1C86               	btfss	6,1	;volatile
   766  0707  2F09               	goto	u31
   767  0708  2F0A               	goto	u30
   768  0709                     u31:
   769  0709  2F1A               	goto	l74
   770  070A                     u30:
   771  070A                     l773:
   772  070A  0373               	decf	_conteo1,w
   773  070B  1D03               	btfss	3,2
   774  070C  2F0E               	goto	u41
   775  070D  2F0F               	goto	u40
   776  070E                     u41:
   777  070E  2F1A               	goto	l74
   778  070F                     u40:
   779  070F                     l775:
   780                           
   781                           ;main.c: 119:     }
   782  070F  01F3               	clrf	_conteo1
   783  0710                     l777:
   784                           
   785                           ;main.c: 120: }
   786  0710  3001               	movlw	1
   787  0711  00FF               	movwf	btemp+1
   788  0712  087F               	movf	btemp+1,w
   789  0713  07F1               	addwf	_jugadores1,f
   790  0714                     l779:
   791                           
   792                           ;main.c: 121: 
   793  0714  0871               	movf	_jugadores1,w
   794  0715  120A  118A  277A  120A  118A  	fcall	_juego1
   795  071A                     l74:
   796  071A  0008               	return
   797  071B                     __end_of_jugador1:
   798                           
   799                           	psect	text5
   800  077A                     __ptext5:	
   801 ;; *************** function _juego1 *****************
   802 ;; Defined at:
   803 ;;		line 135 in file "main.c"
   804 ;; Parameters:    Size  Location     Type
   805 ;;  selector1       1    wreg     unsigned char 
   806 ;; Auto vars:     Size  Location     Type
   807 ;;  selector1       1    2[COMMON] unsigned char 
   808 ;; Return value:  Size  Location     Type
   809 ;;                  1    wreg      void 
   810 ;; Registers used:
   811 ;;		wreg, fsr0l, fsr0h, status,2, status,0, btemp+1
   812 ;; Tracked objects:
   813 ;;		On entry : 0/0
   814 ;;		On exit  : 0/0
   815 ;;		Unchanged: 0/0
   816 ;; Data sizes:     COMMON   BANK0   BANK1   BANK3   BANK2
   817 ;;      Params:         0       0       0       0       0
   818 ;;      Locals:         1       0       0       0       0
   819 ;;      Temps:          2       0       0       0       0
   820 ;;      Totals:         3       0       0       0       0
   821 ;;Total ram usage:        3 bytes
   822 ;; Hardware stack levels used:    1
   823 ;; This function calls:
   824 ;;		Nothing
   825 ;; This function is called by:
   826 ;;		_jugador1
   827 ;; This function uses a non-reentrant model
   828 ;;
   829                           
   830                           
   831                           ;psect for function _juego1
   832  077A                     _juego1:
   833                           
   834                           ;incstack = 0
   835                           ; Regs used in _juego1: [wreg-fsr0h+status,2+status,0+btemp+1]
   836                           ;juego1@selector1 stored from wreg
   837  077A  00F7               	movwf	juego1@selector1
   838  077B                     l691:
   839                           
   840                           ;main.c: 136:     }
   841  077B  2F92               	goto	l707
   842  077C                     l693:
   843  077C  3001               	movlw	1
   844  077D  00FF               	movwf	btemp+1
   845  077E  087F               	movf	btemp+1,w
   846  077F  1283               	bcf	3,5	;RP0=0, select bank0
   847  0780  1303               	bcf	3,6	;RP1=0, select bank0
   848  0781  0787               	addwf	7,f	;volatile
   849  0782  2FA2               	goto	l87
   850  0783                     l695:
   851  0783  3080               	movlw	128
   852  0784  1283               	bcf	3,5	;RP0=0, select bank0
   853  0785  1303               	bcf	3,6	;RP1=0, select bank0
   854  0786  0087               	movwf	7	;volatile
   855  0787                     l697:
   856  0787  1586               	bsf	6,3	;volatile
   857  0788                     l699:
   858  0788  01F4               	clrf	_check
   859  0789                     l701:
   860  0789  01F1               	clrf	_jugadores1
   861  078A  2FA2               	goto	l87
   862  078B                     l703:
   863  078B  1283               	bcf	3,5	;RP0=0, select bank0
   864  078C  1303               	bcf	3,6	;RP1=0, select bank0
   865  078D  0807               	movf	7,w	;volatile
   866  078E  00F5               	movwf	??_juego1
   867  078F  0775               	addwf	??_juego1,w
   868  0790  0087               	movwf	7	;volatile
   869  0791  2FA2               	goto	l87
   870  0792                     l707:
   871  0792  0877               	movf	juego1@selector1,w
   872  0793  00F5               	movwf	??_juego1
   873  0794  01F6               	clrf	??_juego1+1
   874                           
   875                           ; Switch on 2 bytes has been partitioned into a top level switch of size 1, and 1 sub-sw
      +                          itches
   876                           ; Switch size 1, requested type "simple"
   877                           ; Number of cases is 1, Range of values is 0 to 0
   878                           ; switch strategies available:
   879                           ; Name         Instructions Cycles
   880                           ; simple_byte            4     3 (average)
   881                           ; direct_byte           11     8 (fixed)
   882                           ; jumptable            260     6 (fixed)
   883                           ;	Chosen strategy is simple_byte
   884  0795  0876               	movf	??_juego1+1,w
   885  0796  3A00               	xorlw	0	; case 0
   886  0797  1903               	skipnz
   887  0798  2F9A               	goto	l841
   888  0799  2F8B               	goto	l703
   889  079A                     l841:
   890                           
   891                           ; Switch size 1, requested type "simple"
   892                           ; Number of cases is 2, Range of values is 1 to 8
   893                           ; switch strategies available:
   894                           ; Name         Instructions Cycles
   895                           ; simple_byte            7     4 (average)
   896                           ; direct_byte           35    11 (fixed)
   897                           ; jumptable            263     9 (fixed)
   898                           ;	Chosen strategy is simple_byte
   899  079A  0875               	movf	??_juego1,w
   900  079B  3A01               	xorlw	1	; case 1
   901  079C  1903               	skipnz
   902  079D  2F7C               	goto	l693
   903  079E  3A09               	xorlw	9	; case 8
   904  079F  1903               	skipnz
   905  07A0  2F83               	goto	l695
   906  07A1  2F8B               	goto	l703
   907  07A2                     l87:
   908  07A2  0008               	return
   909  07A3                     __end_of_juego1:
   910                           
   911                           	psect	text6
   912  06E8                     __ptext6:	
   913 ;; *************** function _habilitar_semaforo *****************
   914 ;; Defined at:
   915 ;;		line 102 in file "main.c"
   916 ;; Parameters:    Size  Location     Type
   917 ;;		None
   918 ;; Auto vars:     Size  Location     Type
   919 ;;		None
   920 ;; Return value:  Size  Location     Type
   921 ;;                  1    wreg      void 
   922 ;; Registers used:
   923 ;;		wreg, status,2, status,0, pclath, cstack
   924 ;; Tracked objects:
   925 ;;		On entry : 0/0
   926 ;;		On exit  : 0/0
   927 ;;		Unchanged: 0/0
   928 ;; Data sizes:     COMMON   BANK0   BANK1   BANK3   BANK2
   929 ;;      Params:         0       0       0       0       0
   930 ;;      Locals:         0       0       0       0       0
   931 ;;      Temps:          0       0       0       0       0
   932 ;;      Totals:         0       0       0       0       0
   933 ;;Total ram usage:        0 bytes
   934 ;; Hardware stack levels used:    1
   935 ;; Hardware stack levels required when called:    1
   936 ;; This function calls:
   937 ;;		_luces
   938 ;; This function is called by:
   939 ;;		_main
   940 ;; This function uses a non-reentrant model
   941 ;;
   942                           
   943                           
   944                           ;psect for function _habilitar_semaforo
   945  06E8                     _habilitar_semaforo:
   946  06E8                     l751:	
   947                           ;incstack = 0
   948                           ; Regs used in _habilitar_semaforo: [wreg+status,2+status,0+pclath+cstack]
   949                           
   950                           
   951                           ;main.c: 103:     }
   952  06E8  1283               	bcf	3,5	;RP0=0, select bank0
   953  06E9  1303               	bcf	3,6	;RP1=0, select bank0
   954  06EA  1806               	btfsc	6,0	;volatile
   955  06EB  2EED               	goto	u11
   956  06EC  2EEE               	goto	u10
   957  06ED                     u11:
   958  06ED  2EFD               	goto	l69
   959  06EE                     u10:
   960  06EE                     l753:
   961                           
   962                           ;main.c: 104: }
   963  06EE  120A  118A  27CC  120A  118A  	fcall	_luces
   964  06F3                     l755:
   965                           
   966                           ;main.c: 105: void juego1(unsigned char selector1){
   967  06F3  01F4               	clrf	_check
   968  06F4  0AF4               	incf	_check,f
   969  06F5                     l757:
   970                           
   971                           ;main.c: 106:     switch (selector1){
   972  06F5  1283               	bcf	3,5	;RP0=0, select bank0
   973  06F6  1303               	bcf	3,6	;RP1=0, select bank0
   974  06F7  0188               	clrf	8	;volatile
   975  06F8                     l759:
   976                           
   977                           ;main.c: 107:         case 1:
   978  06F8  0187               	clrf	7	;volatile
   979  06F9                     l761:
   980                           
   981                           ;main.c: 108:             PORTC++;
   982  06F9  01F3               	clrf	_conteo1
   983  06FA                     l763:
   984                           
   985                           ;main.c: 109:             break;
   986  06FA  01F2               	clrf	_conteo2
   987  06FB                     l765:
   988                           
   989                           ;main.c: 110:         case 8:
   990  06FB  1186               	bcf	6,3	;volatile
   991  06FC                     l767:
   992                           
   993                           ;main.c: 111:             PORTC = 128;
   994  06FC  1206               	bcf	6,4	;volatile
   995  06FD                     l69:
   996  06FD  0008               	return
   997  06FE                     __end_of_habilitar_semaforo:
   998                           
   999                           	psect	text7
  1000  07CC                     __ptext7:	
  1001 ;; *************** function _luces *****************
  1002 ;; Defined at:
  1003 ;;		line 93 in file "main.c"
  1004 ;; Parameters:    Size  Location     Type
  1005 ;;		None
  1006 ;; Auto vars:     Size  Location     Type
  1007 ;;		None
  1008 ;; Return value:  Size  Location     Type
  1009 ;;                  1    wreg      void 
  1010 ;; Registers used:
  1011 ;;		wreg, status,2
  1012 ;; Tracked objects:
  1013 ;;		On entry : 0/0
  1014 ;;		On exit  : 0/0
  1015 ;;		Unchanged: 0/0
  1016 ;; Data sizes:     COMMON   BANK0   BANK1   BANK3   BANK2
  1017 ;;      Params:         0       0       0       0       0
  1018 ;;      Locals:         0       0       0       0       0
  1019 ;;      Temps:          2       0       0       0       0
  1020 ;;      Totals:         2       0       0       0       0
  1021 ;;Total ram usage:        2 bytes
  1022 ;; Hardware stack levels used:    1
  1023 ;; This function calls:
  1024 ;;		Nothing
  1025 ;; This function is called by:
  1026 ;;		_habilitar_semaforo
  1027 ;; This function uses a non-reentrant model
  1028 ;;
  1029                           
  1030                           
  1031                           ;psect for function _luces
  1032  07CC                     _luces:
  1033  07CC                     l687:	
  1034                           ;incstack = 0
  1035                           ; Regs used in _luces: [wreg+status,2]
  1036                           
  1037                           
  1038                           ;main.c: 94: 
  1039  07CC  3001               	movlw	1
  1040  07CD  1283               	bcf	3,5	;RP0=0, select bank0
  1041  07CE  1303               	bcf	3,6	;RP1=0, select bank0
  1042  07CF  0089               	movwf	9	;volatile
  1043                           
  1044                           ;main.c: 95: void jugador2 (void ){
  1045  07D0  3082               	movlw	130
  1046  07D1  00F6               	movwf	??_luces+1
  1047  07D2  30DD               	movlw	221
  1048  07D3  00F5               	movwf	??_luces
  1049  07D4                     u97:
  1050  07D4  0BF5               	decfsz	??_luces,f
  1051  07D5  2FD4               	goto	u97
  1052  07D6  0BF6               	decfsz	??_luces+1,f
  1053  07D7  2FD4               	goto	u97
  1054  07D8  2FD9               	nop2
  1055                           
  1056                           ;main.c: 96:     if (PORTBbits.RB2 == 0){
  1057  07D9  3002               	movlw	2
  1058  07DA  1283               	bcf	3,5	;RP0=0, select bank0
  1059  07DB  1303               	bcf	3,6	;RP1=0, select bank0
  1060  07DC  0089               	movwf	9	;volatile
  1061                           
  1062                           ;main.c: 97:         conteo2 = 1;
  1063  07DD  3082               	movlw	130
  1064  07DE  00F6               	movwf	??_luces+1
  1065  07DF  30DD               	movlw	221
  1066  07E0  00F5               	movwf	??_luces
  1067  07E1                     u107:
  1068  07E1  0BF5               	decfsz	??_luces,f
  1069  07E2  2FE1               	goto	u107
  1070  07E3  0BF6               	decfsz	??_luces+1,f
  1071  07E4  2FE1               	goto	u107
  1072  07E5  2FE6               	nop2
  1073                           
  1074                           ;main.c: 98:     }
  1075  07E6  3004               	movlw	4
  1076  07E7  1283               	bcf	3,5	;RP0=0, select bank0
  1077  07E8  1303               	bcf	3,6	;RP1=0, select bank0
  1078  07E9  0089               	movwf	9	;volatile
  1079                           
  1080                           ;main.c: 99:     if (PORTBbits.RB2 == 1 && conteo2 == 1){
  1081  07EA  3082               	movlw	130
  1082  07EB  00F6               	movwf	??_luces+1
  1083  07EC  30DD               	movlw	221
  1084  07ED  00F5               	movwf	??_luces
  1085  07EE                     u117:
  1086  07EE  0BF5               	decfsz	??_luces,f
  1087  07EF  2FEE               	goto	u117
  1088  07F0  0BF6               	decfsz	??_luces+1,f
  1089  07F1  2FEE               	goto	u117
  1090  07F2  2FF3               	nop2
  1091  07F3                     l689:
  1092                           
  1093                           ;main.c: 100:         conteo2 = 0;
  1094  07F3  1283               	bcf	3,5	;RP0=0, select bank0
  1095  07F4  1303               	bcf	3,6	;RP1=0, select bank0
  1096  07F5  0189               	clrf	9	;volatile
  1097  07F6                     l65:
  1098  07F6  0008               	return
  1099  07F7                     __end_of_luces:
  1100  007E                     btemp	set	126	;btemp
  1101  007E                     wtemp0	set	126
  1102                           
  1103                           	psect	config
  1104                           
  1105                           ;Config register CONFIG1 @ 0x2007
  1106                           ;	Oscillator Selection bits
  1107                           ;	FOSC = EXTRC_NOCLKOUT, RCIO oscillator: I/O function on RA6/OSC2/CLKOUT pin, RC on RA7
      +                          /OSC1/CLKIN
  1108                           ;	Watchdog Timer Enable bit
  1109                           ;	WDTE = OFF, WDT disabled and can be enabled by SWDTEN bit of the WDTCON register
  1110                           ;	Power-up Timer Enable bit
  1111                           ;	PWRTE = OFF, PWRT disabled
  1112                           ;	RE3/MCLR pin function select bit
  1113                           ;	MCLRE = OFF, RE3/MCLR pin function is digital input, MCLR internally tied to VDD
  1114                           ;	Code Protection bit
  1115                           ;	CP = OFF, Program memory code protection is disabled
  1116                           ;	Data Code Protection bit
  1117                           ;	CPD = OFF, Data memory code protection is disabled
  1118                           ;	Brown Out Reset Selection bits
  1119                           ;	BOREN = OFF, BOR disabled
  1120                           ;	Internal External Switchover bit
  1121                           ;	IESO = OFF, Internal/External Switchover mode is disabled
  1122                           ;	Fail-Safe Clock Monitor Enabled bit
  1123                           ;	FCMEN = OFF, Fail-Safe Clock Monitor is disabled
  1124                           ;	Low Voltage Programming Enable bit
  1125                           ;	LVP = OFF, RB3 pin has digital I/O, HV on MCLR must be used for programming
  1126                           ;	In-Circuit Debugger Mode bit
  1127                           ;	DEBUG = 0x1, unprogrammed default
  1128  2007                     	org	8199
  1129  2007  20D6               	dw	8406
  1130                           
  1131                           ;Config register CONFIG2 @ 0x2008
  1132                           ;	Brown-out Reset Selection bit
  1133                           ;	BOR4V = BOR40V, Brown-out Reset set to 4.0V
  1134                           ;	Flash Program Memory Self Write Enable bits
  1135                           ;	WRT = OFF, Write protection off
  1136  2008                     	org	8200
  1137  2008  3FFF               	dw	16383

Data Sizes:
    Strings     0
    Constant    0
    Data        0
    BSS         5
    Persistent  0
    Stack       0

Auto Spaces:
    Space          Size  Autos    Used
    COMMON           14      3       8
    BANK0            80      0       0
    BANK1            80      0       0
    BANK3            96      0       0
    BANK2            96      0       0

Pointer List with Targets:

    None.

Critical Paths under _main in COMMON

    _jugador2->_juego2
    _jugador1->_juego1
    _habilitar_semaforo->_luces

Critical Paths under _main in BANK0

    None.

Critical Paths under _main in BANK1

    None.

Critical Paths under _main in BANK3

    None.

Critical Paths under _main in BANK2

    None.

Call Graph Tables:

 ---------------------------------------------------------------------------------
 (Depth) Function   	        Calls       Base Space   Used Autos Params    Refs
 ---------------------------------------------------------------------------------
 (0) _main                                                 0     0      0      30
                 _habilitar_semaforo
                           _jugador1
                           _jugador2
                              _setup
 ---------------------------------------------------------------------------------
 (1) _setup                                                0     0      0       0
 ---------------------------------------------------------------------------------
 (1) _jugador2                                             0     0      0      15
                             _juego2
 ---------------------------------------------------------------------------------
 (2) _juego2                                               3     3      0      15
                                              0 COMMON     3     3      0
 ---------------------------------------------------------------------------------
 (1) _jugador1                                             0     0      0      15
                             _juego1
 ---------------------------------------------------------------------------------
 (2) _juego1                                               3     3      0      15
                                              0 COMMON     3     3      0
 ---------------------------------------------------------------------------------
 (1) _habilitar_semaforo                                   0     0      0       0
                              _luces
 ---------------------------------------------------------------------------------
 (2) _luces                                                2     2      0       0
                                              0 COMMON     2     2      0
 ---------------------------------------------------------------------------------
 Estimated maximum stack depth 2
 ---------------------------------------------------------------------------------

 Call Graph Graphs:

 _main (ROOT)
   _habilitar_semaforo
     _luces
   _jugador1
     _juego1
   _jugador2
     _juego2
   _setup

 Address spaces:
Name               Size   Autos  Total    Cost      Usage
BITCOMMON            E      0       0       0        0.0%
EEDATA             100      0       0       0        0.0%
NULL                 0      0       0       0        0.0%
CODE                 0      0       0       0        0.0%
COMMON               E      3       8       1       57.1%
BITSFR0              0      0       0       1        0.0%
SFR0                 0      0       0       1        0.0%
BITSFR1              0      0       0       2        0.0%
SFR1                 0      0       0       2        0.0%
STACK                0      0       0       2        0.0%
ABS                  0      0       8       3        0.0%
BITBANK0            50      0       0       4        0.0%
BITSFR3              0      0       0       4        0.0%
SFR3                 0      0       0       4        0.0%
BANK0               50      0       0       5        0.0%
BITSFR2              0      0       0       5        0.0%
SFR2                 0      0       0       5        0.0%
BITBANK1            50      0       0       6        0.0%
BANK1               50      0       0       7        0.0%
BITBANK3            60      0       0       8        0.0%
BANK3               60      0       0       9        0.0%
BITBANK2            60      0       0      10        0.0%
BANK2               60      0       0      11        0.0%
DATA                 0      0       8      12        0.0%


Microchip Technology PIC Macro Assembler V2.20 build 20200408173844 
Symbol Table                                                                                   Mon Jan 25 22:04:32 2021

                         l62 0779                           l55 073D                           l72 0706  
                         l65 07F6                           l74 071A                           l69 06FD  
                         l77 0723                           l87 07A2                           l95 07CB  
                         l79 0737                           u10 06EE                           u11 06ED  
                         u20 0704                           u21 0703                           u30 070A  
                         u31 0709                           u40 070F                           u41 070E  
                         u50 0721                           u51 0720                           u60 0727  
                         u61 0726                           u70 072C                           u71 072B  
                         u80 0747                           u81 0746                           u97 07D4  
                        l701 0789                          l703 078B                          l721 07B1  
                        l713 07A4                          l707 0792                          l723 07B2  
                        l715 07A5                          l725 07B4                          l717 07AC  
                        l741 076C                          l751 06E8                          l719 07B0  
                        l743 076D                          l735 0755                          l761 06F9  
                        l753 06EE                          l841 079A                          l729 07BB  
                        l745 076E                          l737 0768                          l763 06FA  
                        l755 06F3                          l691 077B                          l771 0704  
                        l747 0773                          l739 076B                          l765 06FB  
                        l757 06F5                          l693 077C                          l773 070A  
                        l781 071B                          l749 0777                          l687 07CC  
                        l767 06FC                          l759 06F8                          l695 0783  
                        l775 070F                          l839 07C3                          l791 0733  
                        l783 0721                          l689 07F3                          l697 0787  
                        l777 0710                          l769 06FE                          l785 0727  
                        l793 0738                          l699 0788                          l779 0714  
                        l787 072C                          l795 0742                          l789 072D  
                        l797 0747                          u107 07E1                          u117 07EE  
                       _WPUB 0095                         _main 0738                         btemp 007E  
                       start 0000                        ?_main 0075                        _ANSEL 0188  
                      _PORTB 0006                        _PORTC 0007                        _PORTD 0008  
                      _PORTE 0009                        _TRISC 0087                        _TRISD 0088  
                      _TRISE 0089                        _check 0074                        _luces 07CC  
                      _setup 0755                        status 0003                        wtemp0 007E  
            __initialization 07F7                 __end_of_main 0755  __size_of_habilitar_semaforo 0016  
                     ??_main 0078                       ?_luces 0075                       ?_setup 0075  
                     _ANSELH 0189                       _juego1 077A                       _juego2 07A3  
           __end_of_jugador1 071B             __end_of_jugador2 0738      __end_of__initialization 07FC  
             __pcstackCOMMON 0075                __end_of_luces 07F7                __end_of_setup 077A  
                    ??_luces 0075                      ??_setup 0075                   __pmaintext 0738  
                    ?_juego1 0075                      ?_juego2 0075                    ?_jugador1 0075  
                  ?_jugador2 0075              __size_of_juego1 0029              __size_of_juego2 0029  
                    __ptext1 0755                      __ptext2 071B                      __ptext3 07A3  
                    __ptext4 06FE                      __ptext5 077A                      __ptext6 06E8  
                    __ptext7 07CC                      _conteo1 0073                      _conteo2 0072  
                 _jugadores1 0071                   _jugadores2 0070         end_of_initialization 07FC  
                 ??_jugador1 0078                   ??_jugador2 0078   __end_of_habilitar_semaforo 06FE  
                  _PORTBbits 0006                    _TRISBbits 0086               __end_of_juego1 07A3  
             __end_of_juego2 07CC          start_initialization 07F7                     ??_juego1 0075  
                   ??_juego2 0075                  __pbssCOMMON 0070                    ___latbits 0002  
          __size_of_jugador1 001D            __size_of_jugador2 001D               __size_of_luces 002B  
             __size_of_setup 0025           _habilitar_semaforo 06E8          ?_habilitar_semaforo 0075  
       ??_habilitar_semaforo 0077              juego1@selector1 0077              juego2@selector2 0077  
              __size_of_main 001D                     _jugador1 06FE                     _jugador2 071B  
                 _OPTION_REG 0081  
