
**** Build of configuration Debug for project HolaMundo ****

"C:\\ti\\ccs1030\\ccs\\utils\\bin\\gmake" -k -j 8 all -O 
 
Building file: "../tm4c123gh6pm_startup_ccs.c"
Invoking: Arm Compiler
"C:/ti/ccs1030/ccs/tools/compiler/ti-cgt-arm_20.2.4.LTS/bin/armcl" -mv7M4 --code_state=16 --float_support=FPv4SPD16 -me --include_path="C:/Users/Carlos Gil/workspace_v10/HolaMundo" --include_path="C:/ti/TivaWare_C_Series-2.1.4.178" --include_path="C:/ti/ccs1030/ccs/tools/compiler/ti-cgt-arm_20.2.4.LTS/include" --define=ccs="ccs" --define=TARGET_IS_TM4C123_RB1 --define=PART_TM4C123GH6PM -g --gcc --diag_warning=225 --diag_wrap=off --display_error_number --abi=eabi --preproc_with_compile --preproc_dependency="tm4c123gh6pm_startup_ccs.d_raw"  "../tm4c123gh6pm_startup_ccs.c"
Finished building: "../tm4c123gh6pm_startup_ccs.c"
 
Building file: "../main.c"
Invoking: Arm Compiler
"C:/ti/ccs1030/ccs/tools/compiler/ti-cgt-arm_20.2.4.LTS/bin/armcl" -mv7M4 --code_state=16 --float_support=FPv4SPD16 -me --include_path="C:/Users/Carlos Gil/workspace_v10/HolaMundo" --include_path="C:/ti/TivaWare_C_Series-2.1.4.178" --include_path="C:/ti/ccs1030/ccs/tools/compiler/ti-cgt-arm_20.2.4.LTS/include" --define=ccs="ccs" --define=TARGET_IS_TM4C123_RB1 --define=PART_TM4C123GH6PM -g --gcc --diag_warning=225 --diag_wrap=off --display_error_number --abi=eabi --preproc_with_compile --preproc_dependency="main.d_raw"  "../main.c"
Finished building: "../main.c"
 
Building target: "HolaMundo.out"
Invoking: Arm Linker
"C:/ti/ccs1030/ccs/tools/compiler/ti-cgt-arm_20.2.4.LTS/bin/armcl" -mv7M4 --code_state=16 --float_support=FPv4SPD16 -me --define=ccs="ccs" --define=TARGET_IS_TM4C123_RB1 --define=PART_TM4C123GH6PM -g --gcc --diag_warning=225 --diag_wrap=off --display_error_number --abi=eabi -z -m"HolaMundo.map" --heap_size=0 --stack_size=512 -i"C:/ti/ccs1030/ccs/tools/compiler/ti-cgt-arm_20.2.4.LTS/lib" -i"C:/ti/ccs1030/ccs/tools/compiler/ti-cgt-arm_20.2.4.LTS/include" --reread_libs --diag_wrap=off --display_error_number --warn_sections --xml_link_info="HolaMundo_linkInfo.xml" --rom_model -o "HolaMundo.out" "./main.obj" "./tm4c123gh6pm_startup_ccs.obj" "C:/ti/TivaWare_C_Series-2.1.4.178/driverlib/ccs/Debug/driverlib.lib" "../tm4c123gh6pm.cmd"  -llibc.a 
<Linking>
Finished building target: "HolaMundo.out"
 

**** Build Finished ****

**** Build of configuration Debug for project HolaMundo ****

"C:\\ti\\ccs1030\\ccs\\utils\\bin\\gmake" -k -j 8 all -O 
 
Building file: "../main.c"
Invoking: Arm Compiler
"C:/ti/ccs1030/ccs/tools/compiler/ti-cgt-arm_20.2.4.LTS/bin/armcl" -mv7M4 --code_state=16 --float_support=FPv4SPD16 -me --include_path="C:/Users/Carlos Gil/workspace_v10/HolaMundo" --include_path="C:/ti/TivaWare_C_Series-2.1.4.178" --include_path="C:/ti/ccs1030/ccs/tools/compiler/ti-cgt-arm_20.2.4.LTS/include" --define=ccs="ccs" --define=TARGET_IS_TM4C123_RB1 --define=PART_TM4C123GH6PM -g --gcc --diag_warning=225 --diag_wrap=off --display_error_number --abi=eabi --preproc_with_compile --preproc_dependency="main.d_raw"  "../main.c"
Finished building: "../main.c"
 
Building target: "HolaMundo.out"
Invoking: Arm Linker
"C:/ti/ccs1030/ccs/tools/compiler/ti-cgt-arm_20.2.4.LTS/bin/armcl" -mv7M4 --code_state=16 --float_support=FPv4SPD16 -me --define=ccs="ccs" --define=TARGET_IS_TM4C123_RB1 --define=PART_TM4C123GH6PM -g --gcc --diag_warning=225 --diag_wrap=off --display_error_number --abi=eabi -z -m"HolaMundo.map" --heap_size=0 --stack_size=512 -i"C:/ti/ccs1030/ccs/tools/compiler/ti-cgt-arm_20.2.4.LTS/lib" -i"C:/ti/ccs1030/ccs/tools/compiler/ti-cgt-arm_20.2.4.LTS/include" --reread_libs --diag_wrap=off --display_error_number --warn_sections --xml_link_info="HolaMundo_linkInfo.xml" --rom_model -o "HolaMundo.out" "./main.obj" "./tm4c123gh6pm_startup_ccs.obj" "C:/ti/TivaWare_C_Series-2.1.4.178/driverlib/ccs/Debug/driverlib.lib" "../tm4c123gh6pm.cmd"  -llibc.a 
<Linking>
Finished building target: "HolaMundo.out"
 

**** Build Finished ****

**** Build of configuration Debug for project HolaMundo ****

"C:\\ti\\ccs1030\\ccs\\utils\\bin\\gmake" -k -j 8 all -O 
 
Building file: "../main.c"
Invoking: Arm Compiler
"C:/ti/ccs1030/ccs/tools/compiler/ti-cgt-arm_20.2.4.LTS/bin/armcl" -mv7M4 --code_state=16 --float_support=FPv4SPD16 -me --include_path="C:/Users/Carlos Gil/workspace_v10/HolaMundo" --include_path="C:/ti/TivaWare_C_Series-2.1.4.178" --include_path="C:/ti/ccs1030/ccs/tools/compiler/ti-cgt-arm_20.2.4.LTS/include" --define=ccs="ccs" --define=TARGET_IS_TM4C123_RB1 --define=PART_TM4C123GH6PM -g --gcc --diag_warning=225 --diag_wrap=off --display_error_number --abi=eabi --preproc_with_compile --preproc_dependency="main.d_raw"  "../main.c"
Finished building: "../main.c"
 
Building target: "HolaMundo.out"
Invoking: Arm Linker
"C:/ti/ccs1030/ccs/tools/compiler/ti-cgt-arm_20.2.4.LTS/bin/armcl" -mv7M4 --code_state=16 --float_support=FPv4SPD16 -me --define=ccs="ccs" --define=TARGET_IS_TM4C123_RB1 --define=PART_TM4C123GH6PM -g --gcc --diag_warning=225 --diag_wrap=off --display_error_number --abi=eabi -z -m"HolaMundo.map" --heap_size=0 --stack_size=512 -i"C:/ti/ccs1030/ccs/tools/compiler/ti-cgt-arm_20.2.4.LTS/lib" -i"C:/ti/ccs1030/ccs/tools/compiler/ti-cgt-arm_20.2.4.LTS/include" --reread_libs --diag_wrap=off --display_error_number --warn_sections --xml_link_info="HolaMundo_linkInfo.xml" --rom_model -o "HolaMundo.out" "./main.obj" "./tm4c123gh6pm_startup_ccs.obj" "C:/ti/TivaWare_C_Series-2.1.4.178/driverlib/ccs/Debug/driverlib.lib" "../tm4c123gh6pm.cmd"  -llibc.a 
<Linking>
Finished building target: "HolaMundo.out"
 

**** Build Finished ****

**** Build of configuration Debug for project HolaMundo ****

"C:\\ti\\ccs1030\\ccs\\utils\\bin\\gmake" -k -j 8 all -O 
 
Building file: "../main.c"
Invoking: Arm Compiler
"C:/ti/ccs1030/ccs/tools/compiler/ti-cgt-arm_20.2.4.LTS/bin/armcl" -mv7M4 --code_state=16 --float_support=FPv4SPD16 -me --include_path="C:/Users/Carlos Gil/workspace_v10/HolaMundo" --include_path="C:/ti/TivaWare_C_Series-2.1.4.178" --include_path="C:/ti/ccs1030/ccs/tools/compiler/ti-cgt-arm_20.2.4.LTS/include" --define=ccs="ccs" --define=TARGET_IS_TM4C123_RB1 --define=PART_TM4C123GH6PM -g --gcc --diag_warning=225 --diag_wrap=off --display_error_number --abi=eabi --preproc_with_compile --preproc_dependency="main.d_raw"  "../main.c"
Finished building: "../main.c"
 
Building target: "HolaMundo.out"
Invoking: Arm Linker
"C:/ti/ccs1030/ccs/tools/compiler/ti-cgt-arm_20.2.4.LTS/bin/armcl" -mv7M4 --code_state=16 --float_support=FPv4SPD16 -me --define=ccs="ccs" --define=TARGET_IS_TM4C123_RB1 --define=PART_TM4C123GH6PM -g --gcc --diag_warning=225 --diag_wrap=off --display_error_number --abi=eabi -z -m"HolaMundo.map" --heap_size=0 --stack_size=512 -i"C:/ti/ccs1030/ccs/tools/compiler/ti-cgt-arm_20.2.4.LTS/lib" -i"C:/ti/ccs1030/ccs/tools/compiler/ti-cgt-arm_20.2.4.LTS/include" --reread_libs --diag_wrap=off --display_error_number --warn_sections --xml_link_info="HolaMundo_linkInfo.xml" --rom_model -o "HolaMundo.out" "./main.obj" "./tm4c123gh6pm_startup_ccs.obj" "C:/ti/TivaWare_C_Series-2.1.4.178/driverlib/ccs/Debug/driverlib.lib" "../tm4c123gh6pm.cmd"  -llibc.a 
<Linking>
Finished building target: "HolaMundo.out"
 

**** Build Finished ****

**** Build of configuration Debug for project HolaMundo ****

"C:\\ti\\ccs1030\\ccs\\utils\\bin\\gmake" -k -j 8 all -O 
 
Building file: "../main.c"
Invoking: Arm Compiler
"C:/ti/ccs1030/ccs/tools/compiler/ti-cgt-arm_20.2.4.LTS/bin/armcl" -mv7M4 --code_state=16 --float_support=FPv4SPD16 -me --include_path="C:/Users/Carlos Gil/workspace_v10/HolaMundo" --include_path="C:/ti/TivaWare_C_Series-2.1.4.178" --include_path="C:/ti/ccs1030/ccs/tools/compiler/ti-cgt-arm_20.2.4.LTS/include" --define=ccs="ccs" --define=TARGET_IS_TM4C123_RB1 --define=PART_TM4C123GH6PM -g --gcc --diag_warning=225 --diag_wrap=off --display_error_number --abi=eabi --preproc_with_compile --preproc_dependency="main.d_raw"  "../main.c"
Finished building: "../main.c"
 
Building target: "HolaMundo.out"
Invoking: Arm Linker
"C:/ti/ccs1030/ccs/tools/compiler/ti-cgt-arm_20.2.4.LTS/bin/armcl" -mv7M4 --code_state=16 --float_support=FPv4SPD16 -me --define=ccs="ccs" --define=TARGET_IS_TM4C123_RB1 --define=PART_TM4C123GH6PM -g --gcc --diag_warning=225 --diag_wrap=off --display_error_number --abi=eabi -z -m"HolaMundo.map" --heap_size=0 --stack_size=512 -i"C:/ti/ccs1030/ccs/tools/compiler/ti-cgt-arm_20.2.4.LTS/lib" -i"C:/ti/ccs1030/ccs/tools/compiler/ti-cgt-arm_20.2.4.LTS/include" --reread_libs --diag_wrap=off --display_error_number --warn_sections --xml_link_info="HolaMundo_linkInfo.xml" --rom_model -o "HolaMundo.out" "./main.obj" "./tm4c123gh6pm_startup_ccs.obj" "C:/ti/TivaWare_C_Series-2.1.4.178/driverlib/ccs/Debug/driverlib.lib" "../tm4c123gh6pm.cmd"  -llibc.a 
<Linking>
Finished building target: "HolaMundo.out"
 

**** Build Finished ****

**** Build of configuration Debug for project HolaMundo ****

"C:\\ti\\ccs1030\\ccs\\utils\\bin\\gmake" -k -j 8 all -O 
 
Building file: "../main.c"
Invoking: Arm Compiler
"C:/ti/ccs1030/ccs/tools/compiler/ti-cgt-arm_20.2.4.LTS/bin/armcl" -mv7M4 --code_state=16 --float_support=FPv4SPD16 -me --include_path="C:/Users/Carlos Gil/workspace_v10/HolaMundo" --include_path="C:/ti/TivaWare_C_Series-2.1.4.178" --include_path="C:/ti/ccs1030/ccs/tools/compiler/ti-cgt-arm_20.2.4.LTS/include" --define=ccs="ccs" --define=TARGET_IS_TM4C123_RB1 --define=PART_TM4C123GH6PM -g --gcc --diag_warning=225 --diag_wrap=off --display_error_number --abi=eabi --preproc_with_compile --preproc_dependency="main.d_raw"  "../main.c"
Finished building: "../main.c"
 
Building target: "HolaMundo.out"
Invoking: Arm Linker
"C:/ti/ccs1030/ccs/tools/compiler/ti-cgt-arm_20.2.4.LTS/bin/armcl" -mv7M4 --code_state=16 --float_support=FPv4SPD16 -me --define=ccs="ccs" --define=TARGET_IS_TM4C123_RB1 --define=PART_TM4C123GH6PM -g --gcc --diag_warning=225 --diag_wrap=off --display_error_number --abi=eabi -z -m"HolaMundo.map" --heap_size=0 --stack_size=512 -i"C:/ti/ccs1030/ccs/tools/compiler/ti-cgt-arm_20.2.4.LTS/lib" -i"C:/ti/ccs1030/ccs/tools/compiler/ti-cgt-arm_20.2.4.LTS/include" --reread_libs --diag_wrap=off --display_error_number --warn_sections --xml_link_info="HolaMundo_linkInfo.xml" --rom_model -o "HolaMundo.out" "./main.obj" "./tm4c123gh6pm_startup_ccs.obj" "C:/ti/TivaWare_C_Series-2.1.4.178/driverlib/ccs/Debug/driverlib.lib" "../tm4c123gh6pm.cmd"  -llibc.a 
<Linking>
Finished building target: "HolaMundo.out"
 

**** Build Finished ****

**** Build of configuration Debug for project HolaMundo ****

"C:\\ti\\ccs1030\\ccs\\utils\\bin\\gmake" -k -j 8 all -O 
 
Building file: "../main.c"
Invoking: Arm Compiler
"C:/ti/ccs1030/ccs/tools/compiler/ti-cgt-arm_20.2.4.LTS/bin/armcl" -mv7M4 --code_state=16 --float_support=FPv4SPD16 -me --include_path="C:/Users/Carlos Gil/workspace_v10/HolaMundo" --include_path="C:/ti/TivaWare_C_Series-2.1.4.178" --include_path="C:/ti/ccs1030/ccs/tools/compiler/ti-cgt-arm_20.2.4.LTS/include" --define=ccs="ccs" --define=TARGET_IS_TM4C123_RB1 --define=PART_TM4C123GH6PM -g --gcc --diag_warning=225 --diag_wrap=off --display_error_number --abi=eabi --preproc_with_compile --preproc_dependency="main.d_raw"  "../main.c"
Finished building: "../main.c"
 
Building target: "HolaMundo.out"
Invoking: Arm Linker
"C:/ti/ccs1030/ccs/tools/compiler/ti-cgt-arm_20.2.4.LTS/bin/armcl" -mv7M4 --code_state=16 --float_support=FPv4SPD16 -me --define=ccs="ccs" --define=TARGET_IS_TM4C123_RB1 --define=PART_TM4C123GH6PM -g --gcc --diag_warning=225 --diag_wrap=off --display_error_number --abi=eabi -z -m"HolaMundo.map" --heap_size=0 --stack_size=512 -i"C:/ti/ccs1030/ccs/tools/compiler/ti-cgt-arm_20.2.4.LTS/lib" -i"C:/ti/ccs1030/ccs/tools/compiler/ti-cgt-arm_20.2.4.LTS/include" --reread_libs --diag_wrap=off --display_error_number --warn_sections --xml_link_info="HolaMundo_linkInfo.xml" --rom_model -o "HolaMundo.out" "./main.obj" "./tm4c123gh6pm_startup_ccs.obj" "C:/ti/TivaWare_C_Series-2.1.4.178/driverlib/ccs/Debug/driverlib.lib" "../tm4c123gh6pm.cmd"  -llibc.a 
<Linking>
Finished building target: "HolaMundo.out"
 

**** Build Finished ****

**** Build of configuration Debug for project HolaMundo ****

"C:\\ti\\ccs1030\\ccs\\utils\\bin\\gmake" -k -j 8 all -O 
 
Building file: "../main.c"
Invoking: Arm Compiler
"C:/ti/ccs1030/ccs/tools/compiler/ti-cgt-arm_20.2.4.LTS/bin/armcl" -mv7M4 --code_state=16 --float_support=FPv4SPD16 -me --include_path="C:/Users/Carlos Gil/workspace_v10/HolaMundo" --include_path="C:/ti/TivaWare_C_Series-2.1.4.178" --include_path="C:/ti/ccs1030/ccs/tools/compiler/ti-cgt-arm_20.2.4.LTS/include" --define=ccs="ccs" --define=TARGET_IS_TM4C123_RB1 --define=PART_TM4C123GH6PM -g --gcc --diag_warning=225 --diag_wrap=off --display_error_number --abi=eabi --preproc_with_compile --preproc_dependency="main.d_raw"  "../main.c"
Finished building: "../main.c"
 
Building target: "HolaMundo.out"
Invoking: Arm Linker
"C:/ti/ccs1030/ccs/tools/compiler/ti-cgt-arm_20.2.4.LTS/bin/armcl" -mv7M4 --code_state=16 --float_support=FPv4SPD16 -me --define=ccs="ccs" --define=TARGET_IS_TM4C123_RB1 --define=PART_TM4C123GH6PM -g --gcc --diag_warning=225 --diag_wrap=off --display_error_number --abi=eabi -z -m"HolaMundo.map" --heap_size=0 --stack_size=512 -i"C:/ti/ccs1030/ccs/tools/compiler/ti-cgt-arm_20.2.4.LTS/lib" -i"C:/ti/ccs1030/ccs/tools/compiler/ti-cgt-arm_20.2.4.LTS/include" --reread_libs --diag_wrap=off --display_error_number --warn_sections --xml_link_info="HolaMundo_linkInfo.xml" --rom_model -o "HolaMundo.out" "./main.obj" "./tm4c123gh6pm_startup_ccs.obj" "C:/ti/TivaWare_C_Series-2.1.4.178/driverlib/ccs/Debug/driverlib.lib" "../tm4c123gh6pm.cmd"  -llibc.a 
<Linking>
Finished building target: "HolaMundo.out"
 

**** Build Finished ****

**** Build of configuration Debug for project HolaMundo ****

"C:\\ti\\ccs1030\\ccs\\utils\\bin\\gmake" -k -j 8 all -O 
 
Building file: "../main.c"
Invoking: Arm Compiler
"C:/ti/ccs1030/ccs/tools/compiler/ti-cgt-arm_20.2.4.LTS/bin/armcl" -mv7M4 --code_state=16 --float_support=FPv4SPD16 -me --include_path="C:/Users/Carlos Gil/workspace_v10/HolaMundo" --include_path="C:/ti/TivaWare_C_Series-2.1.4.178" --include_path="C:/ti/ccs1030/ccs/tools/compiler/ti-cgt-arm_20.2.4.LTS/include" --define=ccs="ccs" --define=TARGET_IS_TM4C123_RB1 --define=PART_TM4C123GH6PM -g --gcc --diag_warning=225 --diag_wrap=off --display_error_number --abi=eabi --preproc_with_compile --preproc_dependency="main.d_raw"  "../main.c"
Finished building: "../main.c"
 
Building target: "HolaMundo.out"
Invoking: Arm Linker
"C:/ti/ccs1030/ccs/tools/compiler/ti-cgt-arm_20.2.4.LTS/bin/armcl" -mv7M4 --code_state=16 --float_support=FPv4SPD16 -me --define=ccs="ccs" --define=TARGET_IS_TM4C123_RB1 --define=PART_TM4C123GH6PM -g --gcc --diag_warning=225 --diag_wrap=off --display_error_number --abi=eabi -z -m"HolaMundo.map" --heap_size=0 --stack_size=512 -i"C:/ti/ccs1030/ccs/tools/compiler/ti-cgt-arm_20.2.4.LTS/lib" -i"C:/ti/ccs1030/ccs/tools/compiler/ti-cgt-arm_20.2.4.LTS/include" --reread_libs --diag_wrap=off --display_error_number --warn_sections --xml_link_info="HolaMundo_linkInfo.xml" --rom_model -o "HolaMundo.out" "./main.obj" "./tm4c123gh6pm_startup_ccs.obj" "C:/ti/TivaWare_C_Series-2.1.4.178/driverlib/ccs/Debug/driverlib.lib" "../tm4c123gh6pm.cmd"  -llibc.a 
<Linking>
Finished building target: "HolaMundo.out"
 

**** Build Finished ****

**** Build of configuration Debug for project HolaMundo ****

"C:\\ti\\ccs1030\\ccs\\utils\\bin\\gmake" -k -j 8 all -O 
 
Building file: "../main.c"
Invoking: Arm Compiler
"C:/ti/ccs1030/ccs/tools/compiler/ti-cgt-arm_20.2.4.LTS/bin/armcl" -mv7M4 --code_state=16 --float_support=FPv4SPD16 -me --include_path="C:/Users/Carlos Gil/workspace_v10/HolaMundo" --include_path="C:/ti/TivaWare_C_Series-2.1.4.178" --include_path="C:/ti/ccs1030/ccs/tools/compiler/ti-cgt-arm_20.2.4.LTS/include" --define=ccs="ccs" --define=TARGET_IS_TM4C123_RB1 --define=PART_TM4C123GH6PM -g --gcc --diag_warning=225 --diag_wrap=off --display_error_number --abi=eabi --preproc_with_compile --preproc_dependency="main.d_raw"  "../main.c"
 
>> Compilation failure
subdir_rules.mk:9: recipe for target 'main.obj' failed
"../main.c", line 41: error #141: too many arguments in function call
"../main.c", line 47: error #141: too many arguments in function call
"../main.c", line 53: error #141: too many arguments in function call
"../main.c", line 59: error #141: too many arguments in function call
4 errors detected in the compilation of "../main.c".
gmake: *** [main.obj] Error 1
gmake: Target 'all' not remade because of errors.

**** Build Finished ****

**** Build of configuration Debug for project HolaMundo ****

"C:\\ti\\ccs1030\\ccs\\utils\\bin\\gmake" -k -j 8 all -O 
 
Building file: "../main.c"
Invoking: Arm Compiler
"C:/ti/ccs1030/ccs/tools/compiler/ti-cgt-arm_20.2.4.LTS/bin/armcl" -mv7M4 --code_state=16 --float_support=FPv4SPD16 -me --include_path="C:/Users/Carlos Gil/workspace_v10/HolaMundo" --include_path="C:/ti/TivaWare_C_Series-2.1.4.178" --include_path="C:/ti/ccs1030/ccs/tools/compiler/ti-cgt-arm_20.2.4.LTS/include" --define=ccs="ccs" --define=TARGET_IS_TM4C123_RB1 --define=PART_TM4C123GH6PM -g --gcc --diag_warning=225 --diag_wrap=off --display_error_number --abi=eabi --preproc_with_compile --preproc_dependency="main.d_raw"  "../main.c"
 
>> Compilation failure
subdir_rules.mk:9: recipe for target 'main.obj' failed
"../main.c", line 41: error #141: too many arguments in function call
"../main.c", line 47: error #141: too many arguments in function call
"../main.c", line 53: error #141: too many arguments in function call
"../main.c", line 59: error #141: too many arguments in function call
4 errors detected in the compilation of "../main.c".
gmake: *** [main.obj] Error 1
gmake: Target 'all' not remade because of errors.

**** Build Finished ****

**** Build of configuration Debug for project HolaMundo ****

"C:\\ti\\ccs1030\\ccs\\utils\\bin\\gmake" -k -j 8 all -O 
 
Building file: "../main.c"
Invoking: Arm Compiler
"C:/ti/ccs1030/ccs/tools/compiler/ti-cgt-arm_20.2.4.LTS/bin/armcl" -mv7M4 --code_state=16 --float_support=FPv4SPD16 -me --include_path="C:/Users/Carlos Gil/workspace_v10/HolaMundo" --include_path="C:/ti/TivaWare_C_Series-2.1.4.178" --include_path="C:/ti/ccs1030/ccs/tools/compiler/ti-cgt-arm_20.2.4.LTS/include" --define=ccs="ccs" --define=TARGET_IS_TM4C123_RB1 --define=PART_TM4C123GH6PM -g --gcc --diag_warning=225 --diag_wrap=off --display_error_number --abi=eabi --preproc_with_compile --preproc_dependency="main.d_raw"  "../main.c"
Finished building: "../main.c"
 
Building target: "HolaMundo.out"
Invoking: Arm Linker
"C:/ti/ccs1030/ccs/tools/compiler/ti-cgt-arm_20.2.4.LTS/bin/armcl" -mv7M4 --code_state=16 --float_support=FPv4SPD16 -me --define=ccs="ccs" --define=TARGET_IS_TM4C123_RB1 --define=PART_TM4C123GH6PM -g --gcc --diag_warning=225 --diag_wrap=off --display_error_number --abi=eabi -z -m"HolaMundo.map" --heap_size=0 --stack_size=512 -i"C:/ti/ccs1030/ccs/tools/compiler/ti-cgt-arm_20.2.4.LTS/lib" -i"C:/ti/ccs1030/ccs/tools/compiler/ti-cgt-arm_20.2.4.LTS/include" --reread_libs --diag_wrap=off --display_error_number --warn_sections --xml_link_info="HolaMundo_linkInfo.xml" --rom_model -o "HolaMundo.out" "./main.obj" "./tm4c123gh6pm_startup_ccs.obj" "C:/ti/TivaWare_C_Series-2.1.4.178/driverlib/ccs/Debug/driverlib.lib" "../tm4c123gh6pm.cmd"  -llibc.a 
<Linking>
Finished building target: "HolaMundo.out"
 

**** Build Finished ****

**** Build of configuration Debug for project HolaMundo ****

"C:\\ti\\ccs1030\\ccs\\utils\\bin\\gmake" -k -j 8 all -O 
 
Building file: "../main.c"
Invoking: Arm Compiler
"C:/ti/ccs1030/ccs/tools/compiler/ti-cgt-arm_20.2.4.LTS/bin/armcl" -mv7M4 --code_state=16 --float_support=FPv4SPD16 -me --include_path="C:/Users/Carlos Gil/workspace_v10/HolaMundo" --include_path="C:/ti/TivaWare_C_Series-2.1.4.178" --include_path="C:/ti/ccs1030/ccs/tools/compiler/ti-cgt-arm_20.2.4.LTS/include" --define=ccs="ccs" --define=TARGET_IS_TM4C123_RB1 --define=PART_TM4C123GH6PM -g --gcc --diag_warning=225 --diag_wrap=off --display_error_number --abi=eabi --preproc_with_compile --preproc_dependency="main.d_raw"  "../main.c"
Finished building: "../main.c"
 
Building target: "HolaMundo.out"
Invoking: Arm Linker
"C:/ti/ccs1030/ccs/tools/compiler/ti-cgt-arm_20.2.4.LTS/bin/armcl" -mv7M4 --code_state=16 --float_support=FPv4SPD16 -me --define=ccs="ccs" --define=TARGET_IS_TM4C123_RB1 --define=PART_TM4C123GH6PM -g --gcc --diag_warning=225 --diag_wrap=off --display_error_number --abi=eabi -z -m"HolaMundo.map" --heap_size=0 --stack_size=512 -i"C:/ti/ccs1030/ccs/tools/compiler/ti-cgt-arm_20.2.4.LTS/lib" -i"C:/ti/ccs1030/ccs/tools/compiler/ti-cgt-arm_20.2.4.LTS/include" --reread_libs --diag_wrap=off --display_error_number --warn_sections --xml_link_info="HolaMundo_linkInfo.xml" --rom_model -o "HolaMundo.out" "./main.obj" "./tm4c123gh6pm_startup_ccs.obj" "C:/ti/TivaWare_C_Series-2.1.4.178/driverlib/ccs/Debug/driverlib.lib" "../tm4c123gh6pm.cmd"  -llibc.a 
<Linking>
Finished building target: "HolaMundo.out"
 

**** Build Finished ****

**** Build of configuration Debug for project HolaMundo ****

"C:\\ti\\ccs1030\\ccs\\utils\\bin\\gmake" -k -j 8 all -O 
 
Building file: "../main.c"
Invoking: Arm Compiler
"C:/ti/ccs1030/ccs/tools/compiler/ti-cgt-arm_20.2.4.LTS/bin/armcl" -mv7M4 --code_state=16 --float_support=FPv4SPD16 -me --include_path="C:/Users/Carlos Gil/workspace_v10/HolaMundo" --include_path="C:/ti/TivaWare_C_Series-2.1.4.178" --include_path="C:/ti/ccs1030/ccs/tools/compiler/ti-cgt-arm_20.2.4.LTS/include" --define=ccs="ccs" --define=TARGET_IS_TM4C123_RB1 --define=PART_TM4C123GH6PM -g --gcc --diag_warning=225 --diag_wrap=off --display_error_number --abi=eabi --preproc_with_compile --preproc_dependency="main.d_raw"  "../main.c"
Finished building: "../main.c"
 
Building target: "HolaMundo.out"
Invoking: Arm Linker
"C:/ti/ccs1030/ccs/tools/compiler/ti-cgt-arm_20.2.4.LTS/bin/armcl" -mv7M4 --code_state=16 --float_support=FPv4SPD16 -me --define=ccs="ccs" --define=TARGET_IS_TM4C123_RB1 --define=PART_TM4C123GH6PM -g --gcc --diag_warning=225 --diag_wrap=off --display_error_number --abi=eabi -z -m"HolaMundo.map" --heap_size=0 --stack_size=512 -i"C:/ti/ccs1030/ccs/tools/compiler/ti-cgt-arm_20.2.4.LTS/lib" -i"C:/ti/ccs1030/ccs/tools/compiler/ti-cgt-arm_20.2.4.LTS/include" --reread_libs --diag_wrap=off --display_error_number --warn_sections --xml_link_info="HolaMundo_linkInfo.xml" --rom_model -o "HolaMundo.out" "./main.obj" "./tm4c123gh6pm_startup_ccs.obj" "C:/ti/TivaWare_C_Series-2.1.4.178/driverlib/ccs/Debug/driverlib.lib" "../tm4c123gh6pm.cmd"  -llibc.a 
<Linking>
Finished building target: "HolaMundo.out"
 

**** Build Finished ****

**** Build of configuration Debug for project HolaMundo ****

"C:\\ti\\ccs1030\\ccs\\utils\\bin\\gmake" -k -j 8 all -O 
 
Building file: "../main.c"
Invoking: Arm Compiler
"C:/ti/ccs1030/ccs/tools/compiler/ti-cgt-arm_20.2.4.LTS/bin/armcl" -mv7M4 --code_state=16 --float_support=FPv4SPD16 -me --include_path="C:/Users/Carlos Gil/workspace_v10/HolaMundo" --include_path="C:/ti/TivaWare_C_Series-2.1.4.178" --include_path="C:/ti/ccs1030/ccs/tools/compiler/ti-cgt-arm_20.2.4.LTS/include" --define=ccs="ccs" --define=TARGET_IS_TM4C123_RB1 --define=PART_TM4C123GH6PM -g --gcc --diag_warning=225 --diag_wrap=off --display_error_number --abi=eabi --preproc_with_compile --preproc_dependency="main.d_raw"  "../main.c"
Finished building: "../main.c"
 
Building target: "HolaMundo.out"
Invoking: Arm Linker
"C:/ti/ccs1030/ccs/tools/compiler/ti-cgt-arm_20.2.4.LTS/bin/armcl" -mv7M4 --code_state=16 --float_support=FPv4SPD16 -me --define=ccs="ccs" --define=TARGET_IS_TM4C123_RB1 --define=PART_TM4C123GH6PM -g --gcc --diag_warning=225 --diag_wrap=off --display_error_number --abi=eabi -z -m"HolaMundo.map" --heap_size=0 --stack_size=512 -i"C:/ti/ccs1030/ccs/tools/compiler/ti-cgt-arm_20.2.4.LTS/lib" -i"C:/ti/ccs1030/ccs/tools/compiler/ti-cgt-arm_20.2.4.LTS/include" --reread_libs --diag_wrap=off --display_error_number --warn_sections --xml_link_info="HolaMundo_linkInfo.xml" --rom_model -o "HolaMundo.out" "./main.obj" "./tm4c123gh6pm_startup_ccs.obj" "C:/ti/TivaWare_C_Series-2.1.4.178/driverlib/ccs/Debug/driverlib.lib" "../tm4c123gh6pm.cmd"  -llibc.a 
<Linking>
Finished building target: "HolaMundo.out"
 

**** Build Finished ****

**** Build of configuration Debug for project HolaMundo ****

"C:\\ti\\ccs1030\\ccs\\utils\\bin\\gmake" -k -j 8 all -O 
 
Building file: "../main.c"
Invoking: Arm Compiler
"C:/ti/ccs1030/ccs/tools/compiler/ti-cgt-arm_20.2.4.LTS/bin/armcl" -mv7M4 --code_state=16 --float_support=FPv4SPD16 -me --include_path="C:/Users/Carlos Gil/workspace_v10/HolaMundo" --include_path="C:/ti/TivaWare_C_Series-2.1.4.178" --include_path="C:/ti/ccs1030/ccs/tools/compiler/ti-cgt-arm_20.2.4.LTS/include" --define=ccs="ccs" --define=TARGET_IS_TM4C123_RB1 --define=PART_TM4C123GH6PM -g --gcc --diag_warning=225 --diag_wrap=off --display_error_number --abi=eabi --preproc_with_compile --preproc_dependency="main.d_raw"  "../main.c"
Finished building: "../main.c"
 
Building target: "HolaMundo.out"
Invoking: Arm Linker
"C:/ti/ccs1030/ccs/tools/compiler/ti-cgt-arm_20.2.4.LTS/bin/armcl" -mv7M4 --code_state=16 --float_support=FPv4SPD16 -me --define=ccs="ccs" --define=TARGET_IS_TM4C123_RB1 --define=PART_TM4C123GH6PM -g --gcc --diag_warning=225 --diag_wrap=off --display_error_number --abi=eabi -z -m"HolaMundo.map" --heap_size=0 --stack_size=512 -i"C:/ti/ccs1030/ccs/tools/compiler/ti-cgt-arm_20.2.4.LTS/lib" -i"C:/ti/ccs1030/ccs/tools/compiler/ti-cgt-arm_20.2.4.LTS/include" --reread_libs --diag_wrap=off --display_error_number --warn_sections --xml_link_info="HolaMundo_linkInfo.xml" --rom_model -o "HolaMundo.out" "./main.obj" "./tm4c123gh6pm_startup_ccs.obj" "C:/ti/TivaWare_C_Series-2.1.4.178/driverlib/ccs/Debug/driverlib.lib" "../tm4c123gh6pm.cmd"  -llibc.a 
<Linking>
Finished building target: "HolaMundo.out"
 

**** Build Finished ****

**** Build of configuration Debug for project HolaMundo ****

"C:\\ti\\ccs1030\\ccs\\utils\\bin\\gmake" -k -j 8 all -O 
 
Building file: "../main.c"
Invoking: Arm Compiler
"C:/ti/ccs1030/ccs/tools/compiler/ti-cgt-arm_20.2.4.LTS/bin/armcl" -mv7M4 --code_state=16 --float_support=FPv4SPD16 -me --include_path="C:/Users/Carlos Gil/workspace_v10/HolaMundo" --include_path="C:/ti/TivaWare_C_Series-2.1.4.178" --include_path="C:/ti/ccs1030/ccs/tools/compiler/ti-cgt-arm_20.2.4.LTS/include" --define=ccs="ccs" --define=TARGET_IS_TM4C123_RB1 --define=PART_TM4C123GH6PM -g --gcc --diag_warning=225 --diag_wrap=off --display_error_number --abi=eabi --preproc_with_compile --preproc_dependency="main.d_raw"  "../main.c"
Finished building: "../main.c"
 
Building target: "HolaMundo.out"
Invoking: Arm Linker
"C:/ti/ccs1030/ccs/tools/compiler/ti-cgt-arm_20.2.4.LTS/bin/armcl" -mv7M4 --code_state=16 --float_support=FPv4SPD16 -me --define=ccs="ccs" --define=TARGET_IS_TM4C123_RB1 --define=PART_TM4C123GH6PM -g --gcc --diag_warning=225 --diag_wrap=off --display_error_number --abi=eabi -z -m"HolaMundo.map" --heap_size=0 --stack_size=512 -i"C:/ti/ccs1030/ccs/tools/compiler/ti-cgt-arm_20.2.4.LTS/lib" -i"C:/ti/ccs1030/ccs/tools/compiler/ti-cgt-arm_20.2.4.LTS/include" --reread_libs --diag_wrap=off --display_error_number --warn_sections --xml_link_info="HolaMundo_linkInfo.xml" --rom_model -o "HolaMundo.out" "./main.obj" "./tm4c123gh6pm_startup_ccs.obj" "C:/ti/TivaWare_C_Series-2.1.4.178/driverlib/ccs/Debug/driverlib.lib" "../tm4c123gh6pm.cmd"  -llibc.a 
<Linking>
Finished building target: "HolaMundo.out"
 

**** Build Finished ****

**** Build of configuration Debug for project HolaMundo ****

"C:\\ti\\ccs1030\\ccs\\utils\\bin\\gmake" -k -j 8 all -O 
 
Building file: "../main.c"
Invoking: Arm Compiler
"C:/ti/ccs1030/ccs/tools/compiler/ti-cgt-arm_20.2.4.LTS/bin/armcl" -mv7M4 --code_state=16 --float_support=FPv4SPD16 -me --include_path="C:/Users/Carlos Gil/workspace_v10/HolaMundo" --include_path="C:/ti/TivaWare_C_Series-2.1.4.178" --include_path="C:/ti/ccs1030/ccs/tools/compiler/ti-cgt-arm_20.2.4.LTS/include" --define=ccs="ccs" --define=TARGET_IS_TM4C123_RB1 --define=PART_TM4C123GH6PM -g --gcc --diag_warning=225 --diag_wrap=off --display_error_number --abi=eabi --preproc_with_compile --preproc_dependency="main.d_raw"  "../main.c"
Finished building: "../main.c"
 
Building target: "HolaMundo.out"
Invoking: Arm Linker
"C:/ti/ccs1030/ccs/tools/compiler/ti-cgt-arm_20.2.4.LTS/bin/armcl" -mv7M4 --code_state=16 --float_support=FPv4SPD16 -me --define=ccs="ccs" --define=TARGET_IS_TM4C123_RB1 --define=PART_TM4C123GH6PM -g --gcc --diag_warning=225 --diag_wrap=off --display_error_number --abi=eabi -z -m"HolaMundo.map" --heap_size=0 --stack_size=512 -i"C:/ti/ccs1030/ccs/tools/compiler/ti-cgt-arm_20.2.4.LTS/lib" -i"C:/ti/ccs1030/ccs/tools/compiler/ti-cgt-arm_20.2.4.LTS/include" --reread_libs --diag_wrap=off --display_error_number --warn_sections --xml_link_info="HolaMundo_linkInfo.xml" --rom_model -o "HolaMundo.out" "./main.obj" "./tm4c123gh6pm_startup_ccs.obj" "C:/ti/TivaWare_C_Series-2.1.4.178/driverlib/ccs/Debug/driverlib.lib" "../tm4c123gh6pm.cmd"  -llibc.a 
<Linking>
Finished building target: "HolaMundo.out"
 

**** Build Finished ****

**** Build of configuration Debug for project HolaMundo ****

"C:\\ti\\ccs1030\\ccs\\utils\\bin\\gmake" -k -j 8 all -O 
 
Building file: "../main.c"
Invoking: Arm Compiler
"C:/ti/ccs1030/ccs/tools/compiler/ti-cgt-arm_20.2.4.LTS/bin/armcl" -mv7M4 --code_state=16 --float_support=FPv4SPD16 -me --include_path="C:/Users/Carlos Gil/workspace_v10/HolaMundo" --include_path="C:/ti/TivaWare_C_Series-2.1.4.178" --include_path="C:/ti/ccs1030/ccs/tools/compiler/ti-cgt-arm_20.2.4.LTS/include" --define=ccs="ccs" --define=TARGET_IS_TM4C123_RB1 --define=PART_TM4C123GH6PM -g --gcc --diag_warning=225 --diag_wrap=off --display_error_number --abi=eabi --preproc_with_compile --preproc_dependency="main.d_raw"  "../main.c"
Finished building: "../main.c"
 
Building target: "HolaMundo.out"
Invoking: Arm Linker
"C:/ti/ccs1030/ccs/tools/compiler/ti-cgt-arm_20.2.4.LTS/bin/armcl" -mv7M4 --code_state=16 --float_support=FPv4SPD16 -me --define=ccs="ccs" --define=TARGET_IS_TM4C123_RB1 --define=PART_TM4C123GH6PM -g --gcc --diag_warning=225 --diag_wrap=off --display_error_number --abi=eabi -z -m"HolaMundo.map" --heap_size=0 --stack_size=512 -i"C:/ti/ccs1030/ccs/tools/compiler/ti-cgt-arm_20.2.4.LTS/lib" -i"C:/ti/ccs1030/ccs/tools/compiler/ti-cgt-arm_20.2.4.LTS/include" --reread_libs --diag_wrap=off --display_error_number --warn_sections --xml_link_info="HolaMundo_linkInfo.xml" --rom_model -o "HolaMundo.out" "./main.obj" "./tm4c123gh6pm_startup_ccs.obj" "C:/ti/TivaWare_C_Series-2.1.4.178/driverlib/ccs/Debug/driverlib.lib" "../tm4c123gh6pm.cmd"  -llibc.a 
<Linking>
Finished building target: "HolaMundo.out"
 

**** Build Finished ****

**** Build of configuration Debug for project HolaMundo ****

"C:\\ti\\ccs1030\\ccs\\utils\\bin\\gmake" -k -j 8 all -O 
 
Building file: "../main.c"
Invoking: Arm Compiler
"C:/ti/ccs1030/ccs/tools/compiler/ti-cgt-arm_20.2.4.LTS/bin/armcl" -mv7M4 --code_state=16 --float_support=FPv4SPD16 -me --include_path="C:/Users/Carlos Gil/workspace_v10/HolaMundo" --include_path="C:/ti/TivaWare_C_Series-2.1.4.178" --include_path="C:/ti/ccs1030/ccs/tools/compiler/ti-cgt-arm_20.2.4.LTS/include" --define=ccs="ccs" --define=TARGET_IS_TM4C123_RB1 --define=PART_TM4C123GH6PM -g --gcc --diag_warning=225 --diag_wrap=off --display_error_number --abi=eabi --preproc_with_compile --preproc_dependency="main.d_raw"  "../main.c"
Finished building: "../main.c"
 
Building target: "HolaMundo.out"
Invoking: Arm Linker
"C:/ti/ccs1030/ccs/tools/compiler/ti-cgt-arm_20.2.4.LTS/bin/armcl" -mv7M4 --code_state=16 --float_support=FPv4SPD16 -me --define=ccs="ccs" --define=TARGET_IS_TM4C123_RB1 --define=PART_TM4C123GH6PM -g --gcc --diag_warning=225 --diag_wrap=off --display_error_number --abi=eabi -z -m"HolaMundo.map" --heap_size=0 --stack_size=512 -i"C:/ti/ccs1030/ccs/tools/compiler/ti-cgt-arm_20.2.4.LTS/lib" -i"C:/ti/ccs1030/ccs/tools/compiler/ti-cgt-arm_20.2.4.LTS/include" --reread_libs --diag_wrap=off --display_error_number --warn_sections --xml_link_info="HolaMundo_linkInfo.xml" --rom_model -o "HolaMundo.out" "./main.obj" "./tm4c123gh6pm_startup_ccs.obj" "C:/ti/TivaWare_C_Series-2.1.4.178/driverlib/ccs/Debug/driverlib.lib" "../tm4c123gh6pm.cmd"  -llibc.a 
<Linking>
Finished building target: "HolaMundo.out"
 

**** Build Finished ****

**** Build of configuration Debug for project HolaMundo ****

"C:\\ti\\ccs1030\\ccs\\utils\\bin\\gmake" -k -j 8 all -O 
 
gmake[1]: 'HolaMundo.out' is up to date.

**** Build Finished ****

**** Clean-only build of configuration Debug for project HolaMundo ****

"C:\\ti\\ccs1030\\ccs\\utils\\bin\\gmake" -k -j 8 clean -O 
 
DEL /F  "HolaMundo.hex"  "HolaMundo.out" 
DEL /F "main.obj" "tm4c123gh6pm_startup_ccs.obj" 
DEL /F "main.d" "tm4c123gh6pm_startup_ccs.d" 
Finished clean
 

**** Build Finished ****

**** Build of configuration Debug for project HolaMundo ****

"C:\\ti\\ccs1030\\ccs\\utils\\bin\\gmake" -k -j 8 all -O 
 
Building file: "../tm4c123gh6pm_startup_ccs.c"
Invoking: Arm Compiler
"C:/ti/ccs1030/ccs/tools/compiler/ti-cgt-arm_20.2.4.LTS/bin/armcl" -mv7M4 --code_state=16 --float_support=FPv4SPD16 -me --include_path="C:/MPlab_Digital2/Digital_2/workspace_v10/HolaMundo" --include_path="C:/ti/TivaWare_C_Series-2.1.4.178" --include_path="C:/ti/ccs1030/ccs/tools/compiler/ti-cgt-arm_20.2.4.LTS/include" --define=ccs="ccs" --define=TARGET_IS_TM4C123_RB1 --define=PART_TM4C123GH6PM -g --gcc --diag_warning=225 --diag_wrap=off --display_error_number --abi=eabi --preproc_with_compile --preproc_dependency="tm4c123gh6pm_startup_ccs.d_raw"  "../tm4c123gh6pm_startup_ccs.c"
Finished building: "../tm4c123gh6pm_startup_ccs.c"
 
Building file: "../main.c"
Invoking: Arm Compiler
"C:/ti/ccs1030/ccs/tools/compiler/ti-cgt-arm_20.2.4.LTS/bin/armcl" -mv7M4 --code_state=16 --float_support=FPv4SPD16 -me --include_path="C:/MPlab_Digital2/Digital_2/workspace_v10/HolaMundo" --include_path="C:/ti/TivaWare_C_Series-2.1.4.178" --include_path="C:/ti/ccs1030/ccs/tools/compiler/ti-cgt-arm_20.2.4.LTS/include" --define=ccs="ccs" --define=TARGET_IS_TM4C123_RB1 --define=PART_TM4C123GH6PM -g --gcc --diag_warning=225 --diag_wrap=off --display_error_number --abi=eabi --preproc_with_compile --preproc_dependency="main.d_raw"  "../main.c"
Finished building: "../main.c"
 
Building target: "HolaMundo.out"
Invoking: Arm Linker
"C:/ti/ccs1030/ccs/tools/compiler/ti-cgt-arm_20.2.4.LTS/bin/armcl" -mv7M4 --code_state=16 --float_support=FPv4SPD16 -me --define=ccs="ccs" --define=TARGET_IS_TM4C123_RB1 --define=PART_TM4C123GH6PM -g --gcc --diag_warning=225 --diag_wrap=off --display_error_number --abi=eabi -z -m"HolaMundo.map" --heap_size=0 --stack_size=512 -i"C:/ti/ccs1030/ccs/tools/compiler/ti-cgt-arm_20.2.4.LTS/lib" -i"C:/ti/ccs1030/ccs/tools/compiler/ti-cgt-arm_20.2.4.LTS/include" --reread_libs --diag_wrap=off --display_error_number --warn_sections --xml_link_info="HolaMundo_linkInfo.xml" --rom_model -o "HolaMundo.out" "./main.obj" "./tm4c123gh6pm_startup_ccs.obj" "C:/ti/TivaWare_C_Series-2.1.4.178/driverlib/ccs/Debug/driverlib.lib" "../tm4c123gh6pm.cmd"  -llibc.a 
<Linking>
Finished building target: "HolaMundo.out"
 

**** Build Finished ****

**** Build of configuration Debug for project Laboratorio7Digital2 ****

"C:\\ti\\ccs1030\\ccs\\utils\\bin\\gmake" -k -j 8 all -O 
 
Building file: "../main.c"
Invoking: Arm Compiler
"C:/ti/ccs1030/ccs/tools/compiler/ti-cgt-arm_20.2.5.LTS/bin/armcl" -mv7M4 --code_state=16 --float_support=FPv4SPD16 -me --include_path="C:/MPlab_Digital2/Digital_2/workspace_v10/Laboratorio7Digital2" --include_path="C:/ti/ccs1030/ccs/tools/compiler/ti-cgt-arm_20.2.5.LTS/include" --define=ccs="ccs" --define=PART_TM4C123GH6PM -g --gcc --diag_warning=225 --diag_wrap=off --display_error_number --abi=eabi --preproc_with_compile --preproc_dependency="main.d_raw"  "../main.c"
 
>> Compilation failure
subdir_rules.mk:9: recipe for target 'main.obj' failed
"../main.c", line 4: fatal error #1965: cannot open source file "inc/tm4c123gh6pm.h"
1 catastrophic error detected in the compilation of "../main.c".
Compilation terminated.
gmake: *** [main.obj] Error 1
Building file: "../tm4c123gh6pm_startup_ccs.c"
Invoking: Arm Compiler
"C:/ti/ccs1030/ccs/tools/compiler/ti-cgt-arm_20.2.5.LTS/bin/armcl" -mv7M4 --code_state=16 --float_support=FPv4SPD16 -me --include_path="C:/MPlab_Digital2/Digital_2/workspace_v10/Laboratorio7Digital2" --include_path="C:/ti/ccs1030/ccs/tools/compiler/ti-cgt-arm_20.2.5.LTS/include" --define=ccs="ccs" --define=PART_TM4C123GH6PM -g --gcc --diag_warning=225 --diag_wrap=off --display_error_number --abi=eabi --preproc_with_compile --preproc_dependency="tm4c123gh6pm_startup_ccs.d_raw"  "../tm4c123gh6pm_startup_ccs.c"
Finished building: "../tm4c123gh6pm_startup_ccs.c"
 
gmake: Target 'all' not remade because of errors.

**** Build Finished ****

**** Build of configuration Debug for project HolaMundo ****

"C:\\ti\\ccs1030\\ccs\\utils\\bin\\gmake" -k -j 8 all -O 
 
gmake[1]: 'HolaMundo.out' is up to date.

**** Build Finished ****

**** Build of configuration Debug for project HolaMundo ****

"C:\\ti\\ccs1030\\ccs\\utils\\bin\\gmake" -k -j 8 all -O 
 
gmake[1]: 'HolaMundo.out' is up to date.

**** Build Finished ****

**** Build of configuration Debug for project Lab7Digital2 ****

"C:\\ti\\ccs1030\\ccs\\utils\\bin\\gmake" -k -j 8 all -O 
 
Building file: "../main.c"
Invoking: Arm Compiler
"C:/ti/ccs1030/ccs/tools/compiler/ti-cgt-arm_20.2.5.LTS/bin/armcl" -mv7M4 --code_state=16 --float_support=FPv4SPD16 -me --include_path="C:/MPlab_Digital2/Digital_2/workspace_v10/Lab7Digital2" --include_path="C:/ti/ccs1030/ccs/tools/compiler/ti-cgt-arm_20.2.5.LTS/include" --define=ccs="ccs" --define=PART_TM4C123GH6PM -g --gcc --diag_warning=225 --diag_wrap=off --display_error_number --abi=eabi --preproc_with_compile --preproc_dependency="main.d_raw"  "../main.c"
 
>> Compilation failure
subdir_rules.mk:9: recipe for target 'main.obj' failed
"../main.c", line 4: fatal error #1965: cannot open source file "inc/hw_types.h"
1 catastrophic error detected in the compilation of "../main.c".
Compilation terminated.
gmake: *** [main.obj] Error 1
Building file: "../tm4c123gh6pm_startup_ccs.c"
Invoking: Arm Compiler
"C:/ti/ccs1030/ccs/tools/compiler/ti-cgt-arm_20.2.5.LTS/bin/armcl" -mv7M4 --code_state=16 --float_support=FPv4SPD16 -me --include_path="C:/MPlab_Digital2/Digital_2/workspace_v10/Lab7Digital2" --include_path="C:/ti/ccs1030/ccs/tools/compiler/ti-cgt-arm_20.2.5.LTS/include" --define=ccs="ccs" --define=PART_TM4C123GH6PM -g --gcc --diag_warning=225 --diag_wrap=off --display_error_number --abi=eabi --preproc_with_compile --preproc_dependency="tm4c123gh6pm_startup_ccs.d_raw"  "../tm4c123gh6pm_startup_ccs.c"
Finished building: "../tm4c123gh6pm_startup_ccs.c"
 
gmake: Target 'all' not remade because of errors.

**** Build Finished ****

**** Build of configuration Debug for project Lab7Digital2 ****

"C:\\ti\\ccs1030\\ccs\\utils\\bin\\gmake" -k -j 8 all -O 
 
Building file: "../main.c"
Invoking: Arm Compiler
"C:/ti/ccs1030/ccs/tools/compiler/ti-cgt-arm_20.2.5.LTS/bin/armcl" -mv7M4 --code_state=16 --float_support=FPv4SPD16 -me --include_path="C:/MPlab_Digital2/Digital_2/workspace_v10/Lab7Digital2" --include_path="C:/ti/ccs1030/ccs/tools/compiler/ti-cgt-arm_20.2.5.LTS/include" --define=ccs="ccs" --define=PART_TM4C123GH6PM -g --gcc --diag_warning=225 --diag_wrap=off --display_error_number --abi=eabi --preproc_with_compile --preproc_dependency="main.d_raw"  "../main.c"
 
>> Compilation failure
subdir_rules.mk:9: recipe for target 'main.obj' failed
"../main.c", line 4: fatal error #1965: cannot open source file "inc/hw_types.h"
1 catastrophic error detected in the compilation of "../main.c".
Compilation terminated.
gmake: *** [main.obj] Error 1
gmake: Target 'all' not remade because of errors.

**** Build Finished ****

**** Build of configuration Debug for project Lab7Digital2 ****

"C:\\ti\\ccs1030\\ccs\\utils\\bin\\gmake" -k -j 8 all -O 
 
Building file: "../main.c"
Invoking: Arm Compiler
"C:/ti/ccs1030/ccs/tools/compiler/ti-cgt-arm_20.2.5.LTS/bin/armcl" -mv7M4 --code_state=16 --float_support=FPv4SPD16 -me --include_path="C:/MPlab_Digital2/Digital_2/workspace_v10/Lab7Digital2" --include_path="C:/ti/ccs1030/ccs/tools/compiler/ti-cgt-arm_20.2.5.LTS/include" --define=ccs="ccs" --define=TARGET_IS_TM4C123_RB1 --define=PART_TM4C123GH6PM -g --gcc --diag_warning=225 --diag_wrap=off --display_error_number --abi=eabi --preproc_with_compile --preproc_dependency="main.d_raw"  "../main.c"
 
>> Compilation failure
subdir_rules.mk:9: recipe for target 'main.obj' failed
"../main.c", line 4: fatal error #1965: cannot open source file "inc/hw_types.h"
1 catastrophic error detected in the compilation of "../main.c".
Compilation terminated.
gmake: *** [main.obj] Error 1
Building file: "../tm4c123gh6pm_startup_ccs.c"
Invoking: Arm Compiler
"C:/ti/ccs1030/ccs/tools/compiler/ti-cgt-arm_20.2.5.LTS/bin/armcl" -mv7M4 --code_state=16 --float_support=FPv4SPD16 -me --include_path="C:/MPlab_Digital2/Digital_2/workspace_v10/Lab7Digital2" --include_path="C:/ti/ccs1030/ccs/tools/compiler/ti-cgt-arm_20.2.5.LTS/include" --define=ccs="ccs" --define=TARGET_IS_TM4C123_RB1 --define=PART_TM4C123GH6PM -g --gcc --diag_warning=225 --diag_wrap=off --display_error_number --abi=eabi --preproc_with_compile --preproc_dependency="tm4c123gh6pm_startup_ccs.d_raw"  "../tm4c123gh6pm_startup_ccs.c"
Finished building: "../tm4c123gh6pm_startup_ccs.c"
 
gmake: Target 'all' not remade because of errors.

**** Build Finished ****

**** Build of configuration Debug for project Lab7Digital2 ****

"C:\\ti\\ccs1030\\ccs\\utils\\bin\\gmake" -k -j 8 all -O 
 
Building file: "../main.c"
Invoking: Arm Compiler
"C:/ti/ccs1030/ccs/tools/compiler/ti-cgt-arm_20.2.5.LTS/bin/armcl" -mv7M4 --code_state=16 --float_support=FPv4SPD16 -me --include_path="C:/MPlab_Digital2/Digital_2/workspace_v10/Lab7Digital2" --include_path="C:/ti/ccs1030/ccs/tools/compiler/ti-cgt-arm_20.2.5.LTS/include" --define=ccs="ccs" --define=TARGET_IS_TM4C123_RB1 --define=PART_TM4C123GH6PM -g --gcc --diag_warning=225 --diag_wrap=off --display_error_number --abi=eabi --preproc_with_compile --preproc_dependency="main.d_raw"  "../main.c"
 
>> Compilation failure
subdir_rules.mk:9: recipe for target 'main.obj' failed
"../main.c", line 4: fatal error #1965: cannot open source file "inc/hw_types.h"
1 catastrophic error detected in the compilation of "../main.c".
Compilation terminated.
gmake: *** [main.obj] Error 1
gmake: Target 'all' not remade because of errors.

**** Build Finished ****

**** Clean-only build of configuration Debug for project Lab7Digital2 ****

"C:\\ti\\ccs1030\\ccs\\utils\\bin\\gmake" -k -j 8 clean -O 
 
DEL /F  "Lab7Digital2.hex"  "Lab7Digital2.out" 
DEL /F "main.obj" "tm4c123gh6pm_startup_ccs.obj" 
DEL /F "main.d" "tm4c123gh6pm_startup_ccs.d" 
No se pudo encontrar C:\MPlab_Digital2\Digital_2\workspace_v10\Lab7Digital2\Debug\Lab7Digital2.hex
Finished clean
 

**** Build Finished ****

**** Build of configuration Debug for project Lab7Digital2 ****

"C:\\ti\\ccs1030\\ccs\\utils\\bin\\gmake" -k -j 8 all -O 
 
Building file: "../tm4c123gh6pm_startup_ccs.c"
Invoking: Arm Compiler
"C:/ti/ccs1030/ccs/tools/compiler/ti-cgt-arm_20.2.5.LTS/bin/armcl" -mv7M4 --code_state=16 --float_support=FPv4SPD16 -me --include_path="C:/MPlab_Digital2/Digital_2/workspace_v10/Lab7Digital2" --include_path="C:/ti/TivaWare_C_Series-2.1.4.178" --include_path="C:/ti/ccs1030/ccs/tools/compiler/ti-cgt-arm_20.2.5.LTS/include" --define=ccs="ccs" --define=TARGET_IS_TM4C123_RB1 --define=PART_TM4C123GH6PM -g --gcc --diag_warning=225 --diag_wrap=off --display_error_number --abi=eabi --preproc_with_compile --preproc_dependency="tm4c123gh6pm_startup_ccs.d_raw"  "../tm4c123gh6pm_startup_ccs.c"
Finished building: "../tm4c123gh6pm_startup_ccs.c"
 
Building file: "../main.c"
Invoking: Arm Compiler
"C:/ti/ccs1030/ccs/tools/compiler/ti-cgt-arm_20.2.5.LTS/bin/armcl" -mv7M4 --code_state=16 --float_support=FPv4SPD16 -me --include_path="C:/MPlab_Digital2/Digital_2/workspace_v10/Lab7Digital2" --include_path="C:/ti/TivaWare_C_Series-2.1.4.178" --include_path="C:/ti/ccs1030/ccs/tools/compiler/ti-cgt-arm_20.2.5.LTS/include" --define=ccs="ccs" --define=TARGET_IS_TM4C123_RB1 --define=PART_TM4C123GH6PM -g --gcc --diag_warning=225 --diag_wrap=off --display_error_number --abi=eabi --preproc_with_compile --preproc_dependency="main.d_raw"  "../main.c"
Finished building: "../main.c"
 
Building target: "Lab7Digital2.out"
Invoking: Arm Linker
"C:/ti/ccs1030/ccs/tools/compiler/ti-cgt-arm_20.2.5.LTS/bin/armcl" -mv7M4 --code_state=16 --float_support=FPv4SPD16 -me --define=ccs="ccs" --define=TARGET_IS_TM4C123_RB1 --define=PART_TM4C123GH6PM -g --gcc --diag_warning=225 --diag_wrap=off --display_error_number --abi=eabi -z -m"Lab7Digital2.map" --heap_size=0 --stack_size=512 -i"C:/ti/ccs1030/ccs/tools/compiler/ti-cgt-arm_20.2.5.LTS/lib" -i"C:/ti/ccs1030/ccs/tools/compiler/ti-cgt-arm_20.2.5.LTS/include" --reread_libs --diag_wrap=off --display_error_number --warn_sections --xml_link_info="Lab7Digital2_linkInfo.xml" --rom_model -o "Lab7Digital2.out" "./main.obj" "./tm4c123gh6pm_startup_ccs.obj" "C:/ti/TivaWare_C_Series-2.1.4.178/driverlib/ccs/Debug/driverlib.lib" "../tm4c123gh6pm.cmd"  -llibc.a 
<Linking>
Finished building target: "Lab7Digital2.out"
 

**** Build Finished ****

**** Build of configuration Debug for project Lab7Digital2 ****

"C:\\ti\\ccs1030\\ccs\\utils\\bin\\gmake" -k -j 8 all -O 
 
gmake[1]: 'Lab7Digital2.out' is up to date.

**** Build Finished ****

**** Build of configuration Debug for project Lab7Digital2 ****

"C:\\ti\\ccs1030\\ccs\\utils\\bin\\gmake" -k -j 8 all -O 
 
gmake[1]: 'Lab7Digital2.out' is up to date.

**** Build Finished ****

**** Build of configuration Debug for project Lab7Digital2 ****

"C:\\ti\\ccs1030\\ccs\\utils\\bin\\gmake" -k -j 8 all -O 
 
Building file: "../main.c"
Invoking: Arm Compiler
"C:/ti/ccs1030/ccs/tools/compiler/ti-cgt-arm_20.2.5.LTS/bin/armcl" -mv7M4 --code_state=16 --float_support=FPv4SPD16 -me --include_path="C:/MPlab_Digital2/Digital_2/workspace_v10/Lab7Digital2" --include_path="C:/ti/TivaWare_C_Series-2.1.4.178" --include_path="C:/ti/ccs1030/ccs/tools/compiler/ti-cgt-arm_20.2.5.LTS/include" --define=ccs="ccs" --define=TARGET_IS_TM4C123_RB1 --define=PART_TM4C123GH6PM -g --gcc --diag_warning=225 --diag_wrap=off --display_error_number --abi=eabi --preproc_with_compile --preproc_dependency="main.d_raw"  "../main.c"
 
>> Compilation failure
subdir_rules.mk:9: recipe for target 'main.obj' failed
"../main.c", line 20: warning #225-D: function "setup" declared implicitly
"../main.c", line 29: warning #161-D: declaration is incompatible with previous "setup" (declared at line 20)
"../main.c", line 39: warning #225-D: function "TimerConfigure" declared implicitly
"../main.c", line 39: error #20: identifier "TIMER_CFG_PERIODIC" is undefined
"../main.c", line 41: warning #225-D: function "TimerLoadSet" declared implicitly
"../main.c", line 41: error #20: identifier "TIMER_A" is undefined
"../main.c", line 43: warning #225-D: function "IntEnable" declared implicitly
"../main.c", line 43: error #20: identifier "INT_TIMER0A" is undefined
"../main.c", line 45: warning #225-D: function "TimerIntEnable" declared implicitly
"../main.c", line 45: error #20: identifier "TIMER_TIMA_TIMEOUT" is undefined
"../main.c", line 47: warning #225-D: function "IntMasterEnable" declared implicitly
"../main.c", line 49: warning #225-D: function "TimerEnable" declared implicitly
"../main.c", line 53: warning #225-D: function "TimerIntClear" declared implicitly
"../main.c", line 53: error #20: identifier "TIMER_TIMA_TIMEOUT" is undefined
5 errors detected in the compilation of "../main.c".
gmake: *** [main.obj] Error 1
Building file: "../tm4c123gh6pm_startup_ccs.c"
Invoking: Arm Compiler
"C:/ti/ccs1030/ccs/tools/compiler/ti-cgt-arm_20.2.5.LTS/bin/armcl" -mv7M4 --code_state=16 --float_support=FPv4SPD16 -me --include_path="C:/MPlab_Digital2/Digital_2/workspace_v10/Lab7Digital2" --include_path="C:/ti/TivaWare_C_Series-2.1.4.178" --include_path="C:/ti/ccs1030/ccs/tools/compiler/ti-cgt-arm_20.2.5.LTS/include" --define=ccs="ccs" --define=TARGET_IS_TM4C123_RB1 --define=PART_TM4C123GH6PM -g --gcc --diag_warning=225 --diag_wrap=off --display_error_number --abi=eabi --preproc_with_compile --preproc_dependency="tm4c123gh6pm_startup_ccs.d_raw"  "../tm4c123gh6pm_startup_ccs.c"
Finished building: "../tm4c123gh6pm_startup_ccs.c"
 
gmake: Target 'all' not remade because of errors.

**** Build Finished ****

**** Build of configuration Debug for project Lab7Digital2 ****

"C:\\ti\\ccs1030\\ccs\\utils\\bin\\gmake" -k -j 8 all -O 
 
Building file: "../main.c"
Invoking: Arm Compiler
"C:/ti/ccs1030/ccs/tools/compiler/ti-cgt-arm_20.2.5.LTS/bin/armcl" -mv7M4 --code_state=16 --float_support=FPv4SPD16 -me --include_path="C:/MPlab_Digital2/Digital_2/workspace_v10/Lab7Digital2" --include_path="C:/ti/TivaWare_C_Series-2.1.4.178" --include_path="C:/ti/ccs1030/ccs/tools/compiler/ti-cgt-arm_20.2.5.LTS/include" --define=ccs="ccs" --define=TARGET_IS_TM4C123_RB1 --define=PART_TM4C123GH6PM -g --gcc --diag_warning=225 --diag_wrap=off --display_error_number --abi=eabi --preproc_with_compile --preproc_dependency="main.d_raw"  "../main.c"
 
>> Compilation failure
subdir_rules.mk:9: recipe for target 'main.obj' failed
"../main.c", line 39: warning #225-D: function "TimerConfigure" declared implicitly
"../main.c", line 39: error #20: identifier "TIMER_CFG_PERIODIC" is undefined
"../main.c", line 41: warning #225-D: function "TimerLoadSet" declared implicitly
"../main.c", line 41: error #20: identifier "TIMER_A" is undefined
"../main.c", line 43: warning #225-D: function "IntEnable" declared implicitly
"../main.c", line 43: error #20: identifier "INT_TIMER0A" is undefined
"../main.c", line 45: warning #225-D: function "TimerIntEnable" declared implicitly
"../main.c", line 45: error #20: identifier "TIMER_TIMA_TIMEOUT" is undefined
"../main.c", line 47: warning #225-D: function "IntMasterEnable" declared implicitly
"../main.c", line 49: warning #225-D: function "TimerEnable" declared implicitly
"../main.c", line 53: warning #225-D: function "TimerIntClear" declared implicitly
"../main.c", line 53: error #20: identifier "TIMER_TIMA_TIMEOUT" is undefined
5 errors detected in the compilation of "../main.c".
gmake: *** [main.obj] Error 1
gmake: Target 'all' not remade because of errors.

**** Build Finished ****

**** Build of configuration Debug for project Lab7Digital2 ****

"C:\\ti\\ccs1030\\ccs\\utils\\bin\\gmake" -k -j 8 all -O 
 
Building file: "../main.c"
Invoking: Arm Compiler
"C:/ti/ccs1030/ccs/tools/compiler/ti-cgt-arm_20.2.5.LTS/bin/armcl" -mv7M4 --code_state=16 --float_support=FPv4SPD16 -me --include_path="C:/MPlab_Digital2/Digital_2/workspace_v10/Lab7Digital2" --include_path="C:/ti/TivaWare_C_Series-2.1.4.178" --include_path="C:/ti/ccs1030/ccs/tools/compiler/ti-cgt-arm_20.2.5.LTS/include" --define=ccs="ccs" --define=TARGET_IS_TM4C123_RB1 --define=PART_TM4C123GH6PM -g --gcc --diag_warning=225 --diag_wrap=off --display_error_number --abi=eabi --preproc_with_compile --preproc_dependency="main.d_raw"  "../main.c"
 
>> Compilation failure
subdir_rules.mk:9: recipe for target 'main.obj' failed
"../main.c", line 44: warning #225-D: function "IntEnable" declared implicitly
"../main.c", line 44: error #20: identifier "INT_TIMER0A" is undefined
"../main.c", line 48: warning #225-D: function "IntMasterEnable" declared implicitly
1 error detected in the compilation of "../main.c".
gmake: *** [main.obj] Error 1
gmake: Target 'all' not remade because of errors.

**** Build Finished ****

**** Build of configuration Debug for project Lab7Digital2 ****

"C:\\ti\\ccs1030\\ccs\\utils\\bin\\gmake" -k -j 8 all -O 
 
Building file: "../main.c"
Invoking: Arm Compiler
"C:/ti/ccs1030/ccs/tools/compiler/ti-cgt-arm_20.2.5.LTS/bin/armcl" -mv7M4 --code_state=16 --float_support=FPv4SPD16 -me --include_path="C:/MPlab_Digital2/Digital_2/workspace_v10/Lab7Digital2" --include_path="C:/ti/TivaWare_C_Series-2.1.4.178" --include_path="C:/ti/ccs1030/ccs/tools/compiler/ti-cgt-arm_20.2.5.LTS/include" --define=ccs="ccs" --define=TARGET_IS_TM4C123_RB1 --define=PART_TM4C123GH6PM -g --gcc --diag_warning=225 --diag_wrap=off --display_error_number --abi=eabi --preproc_with_compile --preproc_dependency="main.d_raw"  "../main.c"
 
>> Compilation failure
subdir_rules.mk:9: recipe for target 'main.obj' failed
"../main.c", line 45: error #20: identifier "INT_TIMER0A" is undefined
1 error detected in the compilation of "../main.c".
gmake: *** [main.obj] Error 1
gmake: Target 'all' not remade because of errors.

**** Build Finished ****

**** Build of configuration Debug for project Lab7Digital2 ****

"C:\\ti\\ccs1030\\ccs\\utils\\bin\\gmake" -k -j 8 all -O 
 
Building file: "../main.c"
Invoking: Arm Compiler
"C:/ti/ccs1030/ccs/tools/compiler/ti-cgt-arm_20.2.5.LTS/bin/armcl" -mv7M4 --code_state=16 --float_support=FPv4SPD16 -me --include_path="C:/MPlab_Digital2/Digital_2/workspace_v10/Lab7Digital2" --include_path="C:/ti/TivaWare_C_Series-2.1.4.178" --include_path="C:/ti/ccs1030/ccs/tools/compiler/ti-cgt-arm_20.2.5.LTS/include" --define=ccs="ccs" --define=TARGET_IS_TM4C123_RB1 --define=PART_TM4C123GH6PM -g --gcc --diag_warning=225 --diag_wrap=off --display_error_number --abi=eabi --preproc_with_compile --preproc_dependency="main.d_raw"  "../main.c"
Finished building: "../main.c"
 
Building target: "Lab7Digital2.out"
Invoking: Arm Linker
"C:/ti/ccs1030/ccs/tools/compiler/ti-cgt-arm_20.2.5.LTS/bin/armcl" -mv7M4 --code_state=16 --float_support=FPv4SPD16 -me --define=ccs="ccs" --define=TARGET_IS_TM4C123_RB1 --define=PART_TM4C123GH6PM -g --gcc --diag_warning=225 --diag_wrap=off --display_error_number --abi=eabi -z -m"Lab7Digital2.map" --heap_size=0 --stack_size=512 -i"C:/ti/ccs1030/ccs/tools/compiler/ti-cgt-arm_20.2.5.LTS/lib" -i"C:/ti/ccs1030/ccs/tools/compiler/ti-cgt-arm_20.2.5.LTS/include" --reread_libs --diag_wrap=off --display_error_number --warn_sections --xml_link_info="Lab7Digital2_linkInfo.xml" --rom_model -o "Lab7Digital2.out" "./main.obj" "./tm4c123gh6pm_startup_ccs.obj" "C:/ti/TivaWare_C_Series-2.1.4.178/driverlib/ccs/Debug/driverlib.lib" "../tm4c123gh6pm.cmd"  -llibc.a 
<Linking>
Finished building target: "Lab7Digital2.out"
 

**** Build Finished ****

**** Build of configuration Debug for project Lab7Digital2 ****

"C:\\ti\\ccs1030\\ccs\\utils\\bin\\gmake" -k -j 8 all -O 
 
gmake[1]: 'Lab7Digital2.out' is up to date.

**** Build Finished ****

**** Build of configuration Debug for project Lab7Digital2 ****

"C:\\ti\\ccs1030\\ccs\\utils\\bin\\gmake" -k -j 8 all -O 
 
Building file: "../main.c"
Invoking: Arm Compiler
"C:/ti/ccs1030/ccs/tools/compiler/ti-cgt-arm_20.2.5.LTS/bin/armcl" -mv7M4 --code_state=16 --float_support=FPv4SPD16 -me --include_path="C:/MPlab_Digital2/Digital_2/workspace_v10/Lab7Digital2" --include_path="C:/ti/TivaWare_C_Series-2.1.4.178" --include_path="C:/ti/ccs1030/ccs/tools/compiler/ti-cgt-arm_20.2.5.LTS/include" --define=ccs="ccs" --define=TARGET_IS_TM4C123_RB1 --define=PART_TM4C123GH6PM -g --gcc --diag_warning=225 --diag_wrap=off --display_error_number --abi=eabi --preproc_with_compile --preproc_dependency="main.d_raw"  "../main.c"
Finished building: "../main.c"
 
Building target: "Lab7Digital2.out"
Invoking: Arm Linker
"C:/ti/ccs1030/ccs/tools/compiler/ti-cgt-arm_20.2.5.LTS/bin/armcl" -mv7M4 --code_state=16 --float_support=FPv4SPD16 -me --define=ccs="ccs" --define=TARGET_IS_TM4C123_RB1 --define=PART_TM4C123GH6PM -g --gcc --diag_warning=225 --diag_wrap=off --display_error_number --abi=eabi -z -m"Lab7Digital2.map" --heap_size=0 --stack_size=512 -i"C:/ti/ccs1030/ccs/tools/compiler/ti-cgt-arm_20.2.5.LTS/lib" -i"C:/ti/ccs1030/ccs/tools/compiler/ti-cgt-arm_20.2.5.LTS/include" --reread_libs --diag_wrap=off --display_error_number --warn_sections --xml_link_info="Lab7Digital2_linkInfo.xml" --rom_model -o "Lab7Digital2.out" "./main.obj" "./tm4c123gh6pm_startup_ccs.obj" "C:/ti/TivaWare_C_Series-2.1.4.178/driverlib/ccs/Debug/driverlib.lib" "../tm4c123gh6pm.cmd"  -llibc.a 
<Linking>
Finished building target: "Lab7Digital2.out"
 

**** Build Finished ****
